2020-12-28 11:23:58,969 - __main__ - INFO - [1, 1000] loss: 3.9891157925128935
2020-12-28 11:23:58,972 - __main__ - INFO - 设备号为: tensor([10,  8, 39, 16], device='cuda:0')，预测的设备号为:tensor([ 0, 25, 25, 25], device='cuda:0')
2020-12-28 11:23:58,973 - __main__ - INFO - [1, 1000] acc: 0.020500000566244125
2020-12-28 11:24:08,676 - __main__ - INFO - [2, 1000] loss: 3.9874586238861083
2020-12-28 11:24:08,680 - __main__ - INFO - 设备号为: tensor([43, 37, 20, 36], device='cuda:0')，预测的设备号为:tensor([31, 42, 26, 42], device='cuda:0')
2020-12-28 11:24:08,681 - __main__ - INFO - [2, 1000] acc: 0.023750001564621925
2020-12-28 11:24:18,447 - __main__ - INFO - [3, 1000] loss: 3.9833215136528013
2020-12-28 11:24:18,452 - __main__ - INFO - 设备号为: tensor([36, 51, 27, 27], device='cuda:0')，预测的设备号为:tensor([ 0,  0,  3, 21], device='cuda:0')
2020-12-28 11:24:18,454 - __main__ - INFO - [3, 1000] acc: 0.030750000849366188
2020-12-28 11:24:28,214 - __main__ - INFO - [4, 1000] loss: 3.945453504323959
2020-12-28 11:24:28,218 - __main__ - INFO - 设备号为: tensor([36, 48, 51, 16], device='cuda:0')，预测的设备号为:tensor([ 3, 25,  3, 42], device='cuda:0')
2020-12-28 11:24:28,220 - __main__ - INFO - [4, 1000] acc: 0.023750001564621925
2020-12-28 11:24:36,535 - __main__ - INFO - [5, 1000] loss: 3.699127548933029
2020-12-28 11:24:36,539 - __main__ - INFO - 设备号为: tensor([26, 27,  0, 50], device='cuda:0')，预测的设备号为:tensor([ 6, 36,  6, 44], device='cuda:0')
2020-12-28 11:24:36,540 - __main__ - INFO - [5, 1000] acc: 0.03450000286102295
2020-12-28 11:24:46,052 - __main__ - INFO - [6, 1000] loss: 3.420824579000473
2020-12-28 11:24:46,056 - __main__ - INFO - 设备号为: tensor([49, 41,  6, 10], device='cuda:0')，预测的设备号为:tensor([23, 24, 31,  1], device='cuda:0')
2020-12-28 11:24:46,057 - __main__ - INFO - [6, 1000] acc: 0.055500004440546036
2020-12-28 11:24:58,595 - __main__ - INFO - [7, 1000] loss: 3.2588820061683657
2020-12-28 11:24:58,599 - __main__ - INFO - 设备号为: tensor([31,  5, 35, 53], device='cuda:0')，预测的设备号为:tensor([28,  5,  1, 13], device='cuda:0')
2020-12-28 11:24:58,600 - __main__ - INFO - [7, 1000] acc: 0.07225000113248825
2020-12-28 11:25:10,900 - __main__ - INFO - [8, 1000] loss: 3.120356979250908
2020-12-28 11:25:10,904 - __main__ - INFO - 设备号为: tensor([51, 17, 16, 53], device='cuda:0')，预测的设备号为:tensor([12, 24, 18, 17], device='cuda:0')
2020-12-28 11:25:10,905 - __main__ - INFO - [8, 1000] acc: 0.08625000715255737
2020-12-28 11:25:23,157 - __main__ - INFO - [9, 1000] loss: 3.0151399356126785
2020-12-28 11:25:23,162 - __main__ - INFO - 设备号为: tensor([43,  6,  2, 49], device='cuda:0')，预测的设备号为:tensor([52,  3, 38, 12], device='cuda:0')
2020-12-28 11:25:23,164 - __main__ - INFO - [9, 1000] acc: 0.09175000339746475
2020-12-28 11:25:35,423 - __main__ - INFO - [10, 1000] loss: 2.9334605824947357
2020-12-28 11:25:35,426 - __main__ - INFO - 设备号为: tensor([53, 45, 15, 50], device='cuda:0')，预测的设备号为:tensor([24, 19, 15, 52], device='cuda:0')
2020-12-28 11:25:35,428 - __main__ - INFO - [10, 1000] acc: 0.10850000381469727
2020-12-28 11:25:48,080 - __main__ - INFO - [11, 1000] loss: 2.8675154807567598
2020-12-28 11:25:48,084 - __main__ - INFO - 设备号为: tensor([18, 12, 43, 13], device='cuda:0')，预测的设备号为:tensor([12, 14, 45, 49], device='cuda:0')
2020-12-28 11:25:48,088 - __main__ - INFO - [11, 1000] acc: 0.10925000160932541
2020-12-28 11:26:00,698 - __main__ - INFO - [12, 1000] loss: 2.801908874869347
2020-12-28 11:26:00,703 - __main__ - INFO - 设备号为: tensor([50, 27, 26, 37], device='cuda:0')，预测的设备号为:tensor([49,  5, 25, 32], device='cuda:0')
2020-12-28 11:26:00,705 - __main__ - INFO - [12, 1000] acc: 0.12925000488758087
2020-12-28 11:26:13,393 - __main__ - INFO - [13, 1000] loss: 2.7846855888366697
2020-12-28 11:26:13,396 - __main__ - INFO - 设备号为: tensor([29, 48, 18, 20], device='cuda:0')，预测的设备号为:tensor([25, 52, 23, 41], device='cuda:0')
2020-12-28 11:26:13,397 - __main__ - INFO - [13, 1000] acc: 0.11600000411272049
2020-12-28 11:26:26,169 - __main__ - INFO - [14, 1000] loss: 2.74828117954731
2020-12-28 11:26:26,174 - __main__ - INFO - 设备号为: tensor([30, 32, 41, 11], device='cuda:0')，预测的设备号为:tensor([30, 27, 19, 11], device='cuda:0')
2020-12-28 11:26:26,175 - __main__ - INFO - [14, 1000] acc: 0.11775000393390656
2020-12-28 11:26:38,656 - __main__ - INFO - [15, 1000] loss: 2.696071021914482
2020-12-28 11:26:38,660 - __main__ - INFO - 设备号为: tensor([21, 21, 11, 29], device='cuda:0')，预测的设备号为:tensor([22, 15,  0, 29], device='cuda:0')
2020-12-28 11:26:38,661 - __main__ - INFO - [15, 1000] acc: 0.12925000488758087
2020-12-28 11:26:50,961 - __main__ - INFO - [16, 1000] loss: 2.6416655457019806
2020-12-28 11:26:50,966 - __main__ - INFO - 设备号为: tensor([23, 43,  1, 31], device='cuda:0')，预测的设备号为:tensor([40, 40,  8, 35], device='cuda:0')
2020-12-28 11:26:50,967 - __main__ - INFO - [16, 1000] acc: 0.1290000081062317
2020-12-28 11:27:03,388 - __main__ - INFO - [17, 1000] loss: 2.5948735642433167
2020-12-28 11:27:03,392 - __main__ - INFO - 设备号为: tensor([ 3,  7, 27,  8], device='cuda:0')，预测的设备号为:tensor([ 6, 29, 34, 10], device='cuda:0')
2020-12-28 11:27:03,393 - __main__ - INFO - [17, 1000] acc: 0.14525000751018524
2020-12-28 11:27:16,325 - __main__ - INFO - [18, 1000] loss: 2.5743348615169523
2020-12-28 11:27:16,330 - __main__ - INFO - 设备号为: tensor([49, 31, 23, 30], device='cuda:0')，预测的设备号为:tensor([19,  3, 48, 15], device='cuda:0')
2020-12-28 11:27:16,331 - __main__ - INFO - [18, 1000] acc: 0.1457500010728836
2020-12-28 11:27:29,121 - __main__ - INFO - [19, 1000] loss: 2.553075942635536
2020-12-28 11:27:29,126 - __main__ - INFO - 设备号为: tensor([ 5, 27,  2,  4], device='cuda:0')，预测的设备号为:tensor([ 5, 27, 34,  8], device='cuda:0')
2020-12-28 11:27:29,128 - __main__ - INFO - [19, 1000] acc: 0.13850000500679016
2020-12-28 11:27:41,446 - __main__ - INFO - [20, 1000] loss: 2.5203196251392366
2020-12-28 11:27:41,450 - __main__ - INFO - 设备号为: tensor([ 2, 21, 46, 27], device='cuda:0')，预测的设备号为:tensor([29, 24, 40, 30], device='cuda:0')
2020-12-28 11:27:41,451 - __main__ - INFO - [20, 1000] acc: 0.13875000178813934
2020-12-28 11:27:53,943 - __main__ - INFO - [21, 1000] loss: 2.4878257061243056
2020-12-28 11:27:53,947 - __main__ - INFO - 设备号为: tensor([20, 12, 17, 44], device='cuda:0')，预测的设备号为:tensor([53, 47, 47, 52], device='cuda:0')
2020-12-28 11:27:53,947 - __main__ - INFO - [21, 1000] acc: 0.1535000056028366
2020-12-28 11:28:06,760 - __main__ - INFO - [22, 1000] loss: 2.479662215352058
2020-12-28 11:28:06,764 - __main__ - INFO - 设备号为: tensor([19, 15,  6, 19], device='cuda:0')，预测的设备号为:tensor([49, 15,  4, 48], device='cuda:0')
2020-12-28 11:28:06,765 - __main__ - INFO - [22, 1000] acc: 0.1600000113248825
2020-12-28 11:28:19,554 - __main__ - INFO - [23, 1000] loss: 2.445531549811363
2020-12-28 11:28:19,559 - __main__ - INFO - 设备号为: tensor([ 7, 42, 46, 32], device='cuda:0')，预测的设备号为:tensor([ 7, 48, 15, 37], device='cuda:0')
2020-12-28 11:28:19,560 - __main__ - INFO - [23, 1000] acc: 0.15150000154972076
2020-12-28 11:28:32,375 - __main__ - INFO - [24, 1000] loss: 2.4376446763277055
2020-12-28 11:28:32,379 - __main__ - INFO - 设备号为: tensor([19, 37, 34, 49], device='cuda:0')，预测的设备号为:tensor([17, 30, 29, 23], device='cuda:0')
2020-12-28 11:28:32,381 - __main__ - INFO - [24, 1000] acc: 0.15025000274181366
2020-12-28 11:28:44,811 - __main__ - INFO - [25, 1000] loss: 2.471321552276611
2020-12-28 11:28:44,815 - __main__ - INFO - 设备号为: tensor([24,  0, 36, 39], device='cuda:0')，预测的设备号为:tensor([24,  8, 37,  7], device='cuda:0')
2020-12-28 11:28:44,818 - __main__ - INFO - [25, 1000] acc: 0.15200001001358032
2020-12-28 11:28:57,420 - __main__ - INFO - [26, 1000] loss: 2.419426421046257
2020-12-28 11:28:57,424 - __main__ - INFO - 设备号为: tensor([17, 15, 30, 20], device='cuda:0')，预测的设备号为:tensor([17, 51, 32, 20], device='cuda:0')
2020-12-28 11:28:57,425 - __main__ - INFO - [26, 1000] acc: 0.15450000762939453
2020-12-28 11:29:10,093 - __main__ - INFO - [27, 1000] loss: 2.410418795466423
2020-12-28 11:29:10,097 - __main__ - INFO - 设备号为: tensor([36, 20, 49, 37], device='cuda:0')，预测的设备号为:tensor([34, 12, 45, 30], device='cuda:0')
2020-12-28 11:29:10,098 - __main__ - INFO - [27, 1000] acc: 0.16325001418590546
2020-12-28 11:29:22,631 - __main__ - INFO - [28, 1000] loss: 2.395158243060112
2020-12-28 11:29:22,635 - __main__ - INFO - 设备号为: tensor([47, 22, 41, 29], device='cuda:0')，预测的设备号为:tensor([52, 53, 52,  7], device='cuda:0')
2020-12-28 11:29:22,636 - __main__ - INFO - [28, 1000] acc: 0.15125000476837158
2020-12-28 11:29:35,217 - __main__ - INFO - [29, 1000] loss: 2.354544119477272
2020-12-28 11:29:35,220 - __main__ - INFO - 设备号为: tensor([32, 20, 50, 36], device='cuda:0')，预测的设备号为:tensor([37, 23, 50, 27], device='cuda:0')
2020-12-28 11:29:35,221 - __main__ - INFO - [29, 1000] acc: 0.1745000034570694
2020-12-28 11:29:47,832 - __main__ - INFO - [30, 1000] loss: 2.352812882065773
2020-12-28 11:29:47,835 - __main__ - INFO - 设备号为: tensor([38, 24, 40, 27], device='cuda:0')，预测的设备号为:tensor([36, 43, 24, 32], device='cuda:0')
2020-12-28 11:29:47,837 - __main__ - INFO - [30, 1000] acc: 0.16175000369548798
2020-12-28 11:30:00,505 - __main__ - INFO - [31, 1000] loss: 2.355515260100365
2020-12-28 11:30:00,509 - __main__ - INFO - 设备号为: tensor([34,  2, 33, 51], device='cuda:0')，预测的设备号为:tensor([36,  2, 28, 51], device='cuda:0')
2020-12-28 11:30:00,510 - __main__ - INFO - [31, 1000] acc: 0.16450001299381256
2020-12-28 11:30:12,852 - __main__ - INFO - [32, 1000] loss: 2.3491545995473864
2020-12-28 11:30:12,856 - __main__ - INFO - 设备号为: tensor([ 5, 40, 43, 32], device='cuda:0')，预测的设备号为:tensor([ 5, 40, 42, 32], device='cuda:0')
2020-12-28 11:30:12,858 - __main__ - INFO - [32, 1000] acc: 0.1615000069141388
2020-12-28 11:30:25,533 - __main__ - INFO - [33, 1000] loss: 2.3369528532028196
2020-12-28 11:30:25,537 - __main__ - INFO - 设备号为: tensor([34, 21, 51, 47], device='cuda:0')，预测的设备号为:tensor([27, 44, 46, 45], device='cuda:0')
2020-12-28 11:30:25,538 - __main__ - INFO - [33, 1000] acc: 0.17275001108646393
2020-12-28 11:30:37,947 - __main__ - INFO - [34, 1000] loss: 2.3549322682619094
2020-12-28 11:30:37,951 - __main__ - INFO - 设备号为: tensor([30, 39, 14, 41], device='cuda:0')，预测的设备号为:tensor([30, 25, 44, 16], device='cuda:0')
2020-12-28 11:30:37,952 - __main__ - INFO - [34, 1000] acc: 0.1612500101327896
2020-12-28 11:30:49,596 - __main__ - INFO - [35, 1000] loss: 2.3110822752714157
2020-12-28 11:30:49,600 - __main__ - INFO - 设备号为: tensor([18, 17, 26, 42], device='cuda:0')，预测的设备号为:tensor([49, 23, 26, 18], device='cuda:0')
2020-12-28 11:30:49,601 - __main__ - INFO - [35, 1000] acc: 0.17875000834465027
2020-12-28 11:31:02,180 - __main__ - INFO - [36, 1000] loss: 2.330213669538498
2020-12-28 11:31:02,184 - __main__ - INFO - 设备号为: tensor([14, 31, 11, 21], device='cuda:0')，预测的设备号为:tensor([12, 33,  4, 13], device='cuda:0')
2020-12-28 11:31:02,185 - __main__ - INFO - [36, 1000] acc: 0.16325001418590546
2020-12-28 11:31:14,497 - __main__ - INFO - [37, 1000] loss: 2.2854130305051803
2020-12-28 11:31:14,501 - __main__ - INFO - 设备号为: tensor([18,  6, 51,  1], device='cuda:0')，预测的设备号为:tensor([53,  4, 21,  0], device='cuda:0')
2020-12-28 11:31:14,502 - __main__ - INFO - [37, 1000] acc: 0.17925000190734863
2020-12-28 11:31:27,172 - __main__ - INFO - [38, 1000] loss: 2.3058161261081698
2020-12-28 11:31:27,175 - __main__ - INFO - 设备号为: tensor([34, 49, 52, 40], device='cuda:0')，预测的设备号为:tensor([38, 50, 45, 14], device='cuda:0')
2020-12-28 11:31:27,176 - __main__ - INFO - [38, 1000] acc: 0.1797500103712082
2020-12-28 11:31:39,906 - __main__ - INFO - [39, 1000] loss: 2.3020152950286867
2020-12-28 11:31:39,910 - __main__ - INFO - 设备号为: tensor([51, 25,  0, 49], device='cuda:0')，预测的设备号为:tensor([46, 29,  0, 20], device='cuda:0')
2020-12-28 11:31:39,911 - __main__ - INFO - [39, 1000] acc: 0.17800000309944153
2020-12-28 11:31:52,731 - __main__ - INFO - [40, 1000] loss: 2.295544798731804
2020-12-28 11:31:52,735 - __main__ - INFO - 设备号为: tensor([43, 48, 17, 32], device='cuda:0')，预测的设备号为:tensor([43, 52, 47, 30], device='cuda:0')
2020-12-28 11:31:52,738 - __main__ - INFO - [40, 1000] acc: 0.18000000715255737
2020-12-28 11:32:05,426 - __main__ - INFO - [41, 1000] loss: 2.291401811122894
2020-12-28 11:32:05,430 - __main__ - INFO - 设备号为: tensor([49, 35, 50, 52], device='cuda:0')，预测的设备号为:tensor([43, 26, 17, 23], device='cuda:0')
2020-12-28 11:32:05,434 - __main__ - INFO - [41, 1000] acc: 0.16700001060962677
2020-12-28 11:32:17,989 - __main__ - INFO - [42, 1000] loss: 2.267989702939987
2020-12-28 11:32:17,993 - __main__ - INFO - 设备号为: tensor([44, 12, 26,  3], device='cuda:0')，预测的设备号为:tensor([44, 24, 35,  9], device='cuda:0')
2020-12-28 11:32:17,995 - __main__ - INFO - [42, 1000] acc: 0.18000000715255737
2020-12-28 11:32:30,439 - __main__ - INFO - [43, 1000] loss: 2.285343918323517
2020-12-28 11:32:30,445 - __main__ - INFO - 设备号为: tensor([ 4, 22, 53,  7], device='cuda:0')，预测的设备号为:tensor([ 4, 24, 53, 25], device='cuda:0')
2020-12-28 11:32:30,447 - __main__ - INFO - [43, 1000] acc: 0.1770000010728836
2020-12-28 11:32:43,187 - __main__ - INFO - [44, 1000] loss: 2.3069431554079056
2020-12-28 11:32:43,192 - __main__ - INFO - 设备号为: tensor([ 2, 10, 27, 15], device='cuda:0')，预测的设备号为:tensor([25,  0,  5, 15], device='cuda:0')
2020-12-28 11:32:43,194 - __main__ - INFO - [44, 1000] acc: 0.1810000091791153
2020-12-28 11:32:55,935 - __main__ - INFO - [45, 1000] loss: 2.2559605387449264
2020-12-28 11:32:55,939 - __main__ - INFO - 设备号为: tensor([38, 24,  1, 32], device='cuda:0')，预测的设备号为:tensor([ 2, 13,  0, 30], device='cuda:0')
2020-12-28 11:32:55,941 - __main__ - INFO - [45, 1000] acc: 0.17900000512599945
2020-12-28 11:33:08,495 - __main__ - INFO - [46, 1000] loss: 2.2724050407409666
2020-12-28 11:33:08,499 - __main__ - INFO - 设备号为: tensor([28, 50, 14,  1], device='cuda:0')，预测的设备号为:tensor([35, 42, 40,  0], device='cuda:0')
2020-12-28 11:33:08,501 - __main__ - INFO - [46, 1000] acc: 0.17625001072883606
2020-12-28 11:33:21,116 - __main__ - INFO - [47, 1000] loss: 2.243482752919197
2020-12-28 11:33:21,120 - __main__ - INFO - 设备号为: tensor([21, 29, 18, 37], device='cuda:0')，预测的设备号为:tensor([20,  7, 20, 32], device='cuda:0')
2020-12-28 11:33:21,121 - __main__ - INFO - [47, 1000] acc: 0.17875000834465027
2020-12-28 11:33:33,865 - __main__ - INFO - [48, 1000] loss: 2.2369419173002245
2020-12-28 11:33:33,869 - __main__ - INFO - 设备号为: tensor([50, 14, 48, 51], device='cuda:0')，预测的设备号为:tensor([22, 51, 52, 51], device='cuda:0')
2020-12-28 11:33:33,870 - __main__ - INFO - [48, 1000] acc: 0.18400001525878906
2020-12-28 11:33:46,540 - __main__ - INFO - [49, 1000] loss: 2.27009704041481
2020-12-28 11:33:46,544 - __main__ - INFO - 设备号为: tensor([ 9, 53, 43, 44], device='cuda:0')，预测的设备号为:tensor([11, 43, 43, 21], device='cuda:0')
2020-12-28 11:33:46,545 - __main__ - INFO - [49, 1000] acc: 0.1875000149011612
2020-12-28 11:33:59,103 - __main__ - INFO - [50, 1000] loss: 2.2376147960424424
2020-12-28 11:33:59,107 - __main__ - INFO - 设备号为: tensor([16, 34, 24,  1], device='cuda:0')，预测的设备号为:tensor([14, 36, 21,  1], device='cuda:0')
2020-12-28 11:33:59,108 - __main__ - INFO - [50, 1000] acc: 0.19300000369548798
2020-12-28 11:34:11,591 - __main__ - INFO - [51, 1000] loss: 2.2294666870832445
2020-12-28 11:34:11,595 - __main__ - INFO - 设备号为: tensor([34, 35, 22,  5], device='cuda:0')，预测的设备号为:tensor([38,  7, 18,  5], device='cuda:0')
2020-12-28 11:34:11,596 - __main__ - INFO - [51, 1000] acc: 0.20000000298023224
2020-12-28 11:34:24,213 - __main__ - INFO - [52, 1000] loss: 2.263090767741203
2020-12-28 11:34:24,218 - __main__ - INFO - 设备号为: tensor([53, 18,  5,  3], device='cuda:0')，预测的设备号为:tensor([22, 49, 27,  4], device='cuda:0')
2020-12-28 11:34:24,221 - __main__ - INFO - [52, 1000] acc: 0.1822500079870224
2020-12-28 11:34:36,956 - __main__ - INFO - [53, 1000] loss: 2.230406137704849
2020-12-28 11:34:36,961 - __main__ - INFO - 设备号为: tensor([14, 53, 41,  3], device='cuda:0')，预测的设备号为:tensor([51, 16, 24,  9], device='cuda:0')
2020-12-28 11:34:36,962 - __main__ - INFO - [53, 1000] acc: 0.1847500056028366
2020-12-28 11:34:49,386 - __main__ - INFO - [54, 1000] loss: 2.2310989533662795
2020-12-28 11:34:49,390 - __main__ - INFO - 设备号为: tensor([30, 15, 37, 18], device='cuda:0')，预测的设备号为:tensor([30, 30, 34, 22], device='cuda:0')
2020-12-28 11:34:49,393 - __main__ - INFO - [54, 1000] acc: 0.18150000274181366
2020-12-28 11:35:02,034 - __main__ - INFO - [55, 1000] loss: 2.2093330960273745
2020-12-28 11:35:02,039 - __main__ - INFO - 设备号为: tensor([38, 10,  5, 10], device='cuda:0')，预测的设备号为:tensor([38,  1, 27,  4], device='cuda:0')
2020-12-28 11:35:02,041 - __main__ - INFO - [55, 1000] acc: 0.19450001418590546
2020-12-28 11:35:14,741 - __main__ - INFO - [56, 1000] loss: 2.1885583740472794
2020-12-28 11:35:14,745 - __main__ - INFO - 设备号为: tensor([ 4, 35,  3, 16], device='cuda:0')，预测的设备号为:tensor([ 6, 26,  3, 52], device='cuda:0')
2020-12-28 11:35:14,746 - __main__ - INFO - [56, 1000] acc: 0.20650000870227814
2020-12-28 11:35:27,048 - __main__ - INFO - [57, 1000] loss: 2.2058084481954574
2020-12-28 11:35:27,052 - __main__ - INFO - 设备号为: tensor([49, 33, 25, 27], device='cuda:0')，预测的设备号为:tensor([40,  4, 26, 37], device='cuda:0')
2020-12-28 11:35:27,055 - __main__ - INFO - [57, 1000] acc: 0.20100000500679016
2020-12-28 11:35:39,519 - __main__ - INFO - [58, 1000] loss: 2.1688685315847396
2020-12-28 11:35:39,524 - __main__ - INFO - 设备号为: tensor([23, 46,  8, 34], device='cuda:0')，预测的设备号为:tensor([53, 51,  8, 36], device='cuda:0')
2020-12-28 11:35:39,525 - __main__ - INFO - [58, 1000] acc: 0.20850001275539398
2020-12-28 11:35:52,177 - __main__ - INFO - [59, 1000] loss: 2.178026904940605
2020-12-28 11:35:52,181 - __main__ - INFO - 设备号为: tensor([30, 18,  3, 14], device='cuda:0')，预测的设备号为:tensor([27, 53,  3, 21], device='cuda:0')
2020-12-28 11:35:52,183 - __main__ - INFO - [59, 1000] acc: 0.20025001466274261
2020-12-28 11:36:04,839 - __main__ - INFO - [60, 1000] loss: 2.155814144015312
2020-12-28 11:36:04,843 - __main__ - INFO - 设备号为: tensor([16, 51, 32, 21], device='cuda:0')，预测的设备号为:tensor([24, 46,  5, 13], device='cuda:0')
2020-12-28 11:36:04,844 - __main__ - INFO - [60, 1000] acc: 0.2122500091791153
2020-12-28 11:36:17,399 - __main__ - INFO - [61, 1000] loss: 2.1410278379917145
2020-12-28 11:36:17,403 - __main__ - INFO - 设备号为: tensor([13, 49, 33, 50], device='cuda:0')，预测的设备号为:tensor([21, 40, 35, 18], device='cuda:0')
2020-12-28 11:36:17,404 - __main__ - INFO - [61, 1000] acc: 0.21050001680850983
2020-12-28 11:36:30,208 - __main__ - INFO - [62, 1000] loss: 2.1253926938772203
2020-12-28 11:36:30,212 - __main__ - INFO - 设备号为: tensor([23, 30, 10, 44], device='cuda:0')，预测的设备号为:tensor([47, 30,  8, 44], device='cuda:0')
2020-12-28 11:36:30,213 - __main__ - INFO - [62, 1000] acc: 0.2187500149011612
2020-12-28 11:36:42,225 - __main__ - INFO - [63, 1000] loss: 2.12566494089365
2020-12-28 11:36:42,229 - __main__ - INFO - 设备号为: tensor([43,  1, 22, 10], device='cuda:0')，预测的设备号为:tensor([17,  1, 49, 10], device='cuda:0')
2020-12-28 11:36:42,230 - __main__ - INFO - [63, 1000] acc: 0.2277500182390213
2020-12-28 11:36:54,766 - __main__ - INFO - [64, 1000] loss: 2.1193173570632933
2020-12-28 11:36:54,769 - __main__ - INFO - 设备号为: tensor([33, 15, 33, 24], device='cuda:0')，预测的设备号为:tensor([28, 30,  7, 13], device='cuda:0')
2020-12-28 11:36:54,770 - __main__ - INFO - [64, 1000] acc: 0.22175000607967377
2020-12-28 11:37:07,373 - __main__ - INFO - [65, 1000] loss: 2.1017018826007843
2020-12-28 11:37:07,377 - __main__ - INFO - 设备号为: tensor([ 8, 31, 47, 46], device='cuda:0')，预测的设备号为:tensor([10,  8, 45, 46], device='cuda:0')
2020-12-28 11:37:07,379 - __main__ - INFO - [65, 1000] acc: 0.22950001060962677
2020-12-28 11:37:20,100 - __main__ - INFO - [66, 1000] loss: 2.0675613040328025
2020-12-28 11:37:20,104 - __main__ - INFO - 设备号为: tensor([36, 38, 43,  0], device='cuda:0')，预测的设备号为:tensor([27, 38, 53,  0], device='cuda:0')
2020-12-28 11:37:20,105 - __main__ - INFO - [66, 1000] acc: 0.23500001430511475
2020-12-28 11:37:32,834 - __main__ - INFO - [67, 1000] loss: 2.0896570640802383
2020-12-28 11:37:32,838 - __main__ - INFO - 设备号为: tensor([52, 11, 11, 44], device='cuda:0')，预测的设备号为:tensor([19,  6,  4, 21], device='cuda:0')
2020-12-28 11:37:32,841 - __main__ - INFO - [67, 1000] acc: 0.23800000548362732
2020-12-28 11:37:45,259 - __main__ - INFO - [68, 1000] loss: 2.064371053338051
2020-12-28 11:37:45,262 - __main__ - INFO - 设备号为: tensor([ 3, 52, 36, 37], device='cuda:0')，预测的设备号为:tensor([11, 47, 34, 34], device='cuda:0')
2020-12-28 11:37:45,264 - __main__ - INFO - [68, 1000] acc: 0.24375000596046448
2020-12-28 11:37:57,687 - __main__ - INFO - [69, 1000] loss: 2.0182158239483834
2020-12-28 11:37:57,692 - __main__ - INFO - 设备号为: tensor([22,  3, 34, 46], device='cuda:0')，预测的设备号为:tensor([49,  6, 27, 46], device='cuda:0')
2020-12-28 11:37:57,693 - __main__ - INFO - [69, 1000] acc: 0.25725001096725464
2020-12-28 11:38:10,373 - __main__ - INFO - [70, 1000] loss: 1.9960538079142571
2020-12-28 11:38:10,378 - __main__ - INFO - 设备号为: tensor([11, 37, 41,  5], device='cuda:0')，预测的设备号为:tensor([ 6, 36, 45, 32], device='cuda:0')
2020-12-28 11:38:10,380 - __main__ - INFO - [70, 1000] acc: 0.257500022649765
2020-12-28 11:38:23,043 - __main__ - INFO - [71, 1000] loss: 1.9875522578954696
2020-12-28 11:38:23,047 - __main__ - INFO - 设备号为: tensor([48, 27, 12,  4], device='cuda:0')，预测的设备号为:tensor([47, 36, 40,  3], device='cuda:0')
2020-12-28 11:38:23,048 - __main__ - INFO - [71, 1000] acc: 0.2750000059604645
2020-12-28 11:38:35,712 - __main__ - INFO - [72, 1000] loss: 1.9960281820893289
2020-12-28 11:38:35,717 - __main__ - INFO - 设备号为: tensor([51, 19,  0, 36], device='cuda:0')，预测的设备号为:tensor([51, 45,  1, 36], device='cuda:0')
2020-12-28 11:38:35,718 - __main__ - INFO - [72, 1000] acc: 0.2692500054836273
2020-12-28 11:38:48,406 - __main__ - INFO - [73, 1000] loss: 1.9784725754857064
2020-12-28 11:38:48,410 - __main__ - INFO - 设备号为: tensor([33, 34, 27, 42], device='cuda:0')，预测的设备号为:tensor([28, 39, 34, 52], device='cuda:0')
2020-12-28 11:38:48,411 - __main__ - INFO - [73, 1000] acc: 0.2824999988079071
2020-12-28 11:39:00,935 - __main__ - INFO - [74, 1000] loss: 1.8951006730794906
2020-12-28 11:39:00,939 - __main__ - INFO - 设备号为: tensor([19, 52, 42, 19], device='cuda:0')，预测的设备号为:tensor([52, 47, 47, 47], device='cuda:0')
2020-12-28 11:39:00,941 - __main__ - INFO - [74, 1000] acc: 0.28600001335144043
2020-12-28 11:39:13,544 - __main__ - INFO - [75, 1000] loss: 1.886673487007618
2020-12-28 11:39:13,549 - __main__ - INFO - 设备号为: tensor([50, 37,  6, 28], device='cuda:0')，预测的设备号为:tensor([23, 27, 11, 28], device='cuda:0')
2020-12-28 11:39:13,550 - __main__ - INFO - [75, 1000] acc: 0.30125001072883606
2020-12-28 11:39:26,292 - __main__ - INFO - [76, 1000] loss: 1.8462832746803761
2020-12-28 11:39:26,296 - __main__ - INFO - 设备号为: tensor([23, 17, 52, 12], device='cuda:0')，预测的设备号为:tensor([23, 23, 47, 20], device='cuda:0')
2020-12-28 11:39:26,297 - __main__ - INFO - [76, 1000] acc: 0.32350000739097595
2020-12-28 11:39:38,398 - __main__ - INFO - [77, 1000] loss: 1.8586382281482219
2020-12-28 11:39:38,402 - __main__ - INFO - 设备号为: tensor([21, 49,  4, 31], device='cuda:0')，预测的设备号为:tensor([46, 49, 10, 25], device='cuda:0')
2020-12-28 11:39:38,403 - __main__ - INFO - [77, 1000] acc: 0.3177500069141388
2020-12-28 11:39:51,109 - __main__ - INFO - [78, 1000] loss: 1.7848245737850665
2020-12-28 11:39:51,113 - __main__ - INFO - 设备号为: tensor([ 9,  5, 24, 42], device='cuda:0')，预测的设备号为:tensor([ 6,  5, 12, 48], device='cuda:0')
2020-12-28 11:39:51,114 - __main__ - INFO - [78, 1000] acc: 0.34850001335144043
2020-12-28 11:40:03,636 - __main__ - INFO - [79, 1000] loss: 1.779463079214096
2020-12-28 11:40:03,640 - __main__ - INFO - 设备号为: tensor([21, 37, 49, 13], device='cuda:0')，预测的设备号为:tensor([12, 30, 16, 13], device='cuda:0')
2020-12-28 11:40:03,642 - __main__ - INFO - [79, 1000] acc: 0.3447500169277191
2020-12-28 11:40:16,471 - __main__ - INFO - [80, 1000] loss: 1.7971525600850582
2020-12-28 11:40:16,475 - __main__ - INFO - 设备号为: tensor([51, 41, 39, 17], device='cuda:0')，预测的设备号为:tensor([51, 48, 39, 52], device='cuda:0')
2020-12-28 11:40:16,478 - __main__ - INFO - [80, 1000] acc: 0.3400000035762787
2020-12-28 11:40:29,274 - __main__ - INFO - [81, 1000] loss: 1.7882881901562213
2020-12-28 11:40:29,278 - __main__ - INFO - 设备号为: tensor([ 0, 29, 15, 42], device='cuda:0')，预测的设备号为:tensor([ 1, 36, 15, 47], device='cuda:0')
2020-12-28 11:40:29,280 - __main__ - INFO - [81, 1000] acc: 0.3477500081062317
2020-12-28 11:40:41,781 - __main__ - INFO - [82, 1000] loss: 1.7259592275321483
2020-12-28 11:40:41,785 - __main__ - INFO - 设备号为: tensor([44,  7, 33, 28], device='cuda:0')，预测的设备号为:tensor([14, 39, 28, 33], device='cuda:0')
2020-12-28 11:40:41,786 - __main__ - INFO - [82, 1000] acc: 0.3500000238418579
2020-12-28 11:40:54,275 - __main__ - INFO - [83, 1000] loss: 1.7110705052614212
2020-12-28 11:40:54,279 - __main__ - INFO - 设备号为: tensor([53, 23,  1, 10], device='cuda:0')，预测的设备号为:tensor([41, 16,  0,  4], device='cuda:0')
2020-12-28 11:40:54,282 - __main__ - INFO - [83, 1000] acc: 0.3645000159740448
2020-12-28 11:41:06,573 - __main__ - INFO - [84, 1000] loss: 1.6917685183286666
2020-12-28 11:41:06,577 - __main__ - INFO - 设备号为: tensor([24, 25, 19, 50], device='cuda:0')，预测的设备号为:tensor([51, 25, 18, 18], device='cuda:0')
2020-12-28 11:41:06,579 - __main__ - INFO - [84, 1000] acc: 0.3680000305175781
2020-12-28 11:41:18,586 - __main__ - INFO - [85, 1000] loss: 1.6599107386022807
2020-12-28 11:41:18,590 - __main__ - INFO - 设备号为: tensor([31, 23, 30, 23], device='cuda:0')，预测的设备号为:tensor([31, 22, 30, 22], device='cuda:0')
2020-12-28 11:41:18,591 - __main__ - INFO - [85, 1000] acc: 0.38200002908706665
2020-12-28 11:41:30,835 - __main__ - INFO - [86, 1000] loss: 1.6512738463878631
2020-12-28 11:41:30,839 - __main__ - INFO - 设备号为: tensor([53, 16, 27, 43], device='cuda:0')，预测的设备号为:tensor([53, 44, 27, 43], device='cuda:0')
2020-12-28 11:41:30,840 - __main__ - INFO - [86, 1000] acc: 0.37425002455711365
2020-12-28 11:41:43,315 - __main__ - INFO - [87, 1000] loss: 1.6211603237092496
2020-12-28 11:41:43,319 - __main__ - INFO - 设备号为: tensor([20, 33, 22, 42], device='cuda:0')，预测的设备号为:tensor([24, 39, 49, 17], device='cuda:0')
2020-12-28 11:41:43,320 - __main__ - INFO - [87, 1000] acc: 0.40400001406669617
2020-12-28 11:41:55,799 - __main__ - INFO - [88, 1000] loss: 1.6301790881082416
2020-12-28 11:41:55,803 - __main__ - INFO - 设备号为: tensor([41, 48, 33, 22], device='cuda:0')，预测的设备号为:tensor([45, 48, 35, 22], device='cuda:0')
2020-12-28 11:41:55,805 - __main__ - INFO - [88, 1000] acc: 0.38850000500679016
2020-12-28 11:42:07,784 - __main__ - INFO - [89, 1000] loss: 1.5827591591328383
2020-12-28 11:42:07,787 - __main__ - INFO - 设备号为: tensor([27,  6,  7, 20], device='cuda:0')，预测的设备号为:tensor([ 5,  9,  7, 20], device='cuda:0')
2020-12-28 11:42:07,788 - __main__ - INFO - [89, 1000] acc: 0.39750000834465027
2020-12-28 11:42:20,196 - __main__ - INFO - [90, 1000] loss: 1.572716067403555
2020-12-28 11:42:20,200 - __main__ - INFO - 设备号为: tensor([ 2, 43,  0, 39], device='cuda:0')，预测的设备号为:tensor([ 2, 22,  0, 39], device='cuda:0')
2020-12-28 11:42:20,202 - __main__ - INFO - [90, 1000] acc: 0.4130000174045563
2020-12-28 11:42:32,911 - __main__ - INFO - [91, 1000] loss: 1.5443153110966086
2020-12-28 11:42:32,915 - __main__ - INFO - 设备号为: tensor([34, 11, 37, 31], device='cuda:0')，预测的设备号为:tensor([34, 11, 32, 31], device='cuda:0')
2020-12-28 11:42:32,917 - __main__ - INFO - [91, 1000] acc: 0.42225003242492676
2020-12-28 11:42:45,700 - __main__ - INFO - [92, 1000] loss: 1.5393789831101894
2020-12-28 11:42:45,704 - __main__ - INFO - 设备号为: tensor([32, 33, 47, 21], device='cuda:0')，预测的设备号为:tensor([32, 33, 17, 21], device='cuda:0')
2020-12-28 11:42:45,705 - __main__ - INFO - [92, 1000] acc: 0.4202500283718109
2020-12-28 11:42:58,068 - __main__ - INFO - [93, 1000] loss: 1.5230011973679065
2020-12-28 11:42:58,072 - __main__ - INFO - 设备号为: tensor([ 2, 21, 14, 19], device='cuda:0')，预测的设备号为:tensor([ 2, 46, 21, 16], device='cuda:0')
2020-12-28 11:42:58,073 - __main__ - INFO - [93, 1000] acc: 0.44225001335144043
2020-12-28 11:43:10,779 - __main__ - INFO - [94, 1000] loss: 1.4902741791903973
2020-12-28 11:43:10,783 - __main__ - INFO - 设备号为: tensor([20, 33, 15, 17], device='cuda:0')，预测的设备号为:tensor([14, 33, 15, 50], device='cuda:0')
2020-12-28 11:43:10,784 - __main__ - INFO - [94, 1000] acc: 0.43425002694129944
2020-12-28 11:43:23,352 - __main__ - INFO - [95, 1000] loss: 1.528763719022274
2020-12-28 11:43:23,356 - __main__ - INFO - 设备号为: tensor([24, 53,  5, 24], device='cuda:0')，预测的设备号为:tensor([51, 53,  5, 20], device='cuda:0')
2020-12-28 11:43:23,358 - __main__ - INFO - [95, 1000] acc: 0.42475003004074097
2020-12-28 11:43:36,040 - __main__ - INFO - [96, 1000] loss: 1.4549013582915067
2020-12-28 11:43:36,045 - __main__ - INFO - 设备号为: tensor([0, 4, 4, 1], device='cuda:0')，预测的设备号为:tensor([ 1,  4, 11,  1], device='cuda:0')
2020-12-28 11:43:36,047 - __main__ - INFO - [96, 1000] acc: 0.4555000364780426
2020-12-28 11:43:48,442 - __main__ - INFO - [97, 1000] loss: 1.465979628259316
2020-12-28 11:43:48,446 - __main__ - INFO - 设备号为: tensor([10, 11, 53, 47], device='cuda:0')，预测的设备号为:tensor([10, 11, 53, 47], device='cuda:0')
2020-12-28 11:43:48,447 - __main__ - INFO - [97, 1000] acc: 0.4520000219345093
2020-12-28 11:44:01,106 - __main__ - INFO - [98, 1000] loss: 1.431692019611597
2020-12-28 11:44:01,111 - __main__ - INFO - 设备号为: tensor([49,  1,  9, 27], device='cuda:0')，预测的设备号为:tensor([49,  1,  9, 27], device='cuda:0')
2020-12-28 11:44:01,113 - __main__ - INFO - [98, 1000] acc: 0.45875000953674316
2020-12-28 11:44:14,092 - __main__ - INFO - [99, 1000] loss: 1.4465782541222871
2020-12-28 11:44:14,097 - __main__ - INFO - 设备号为: tensor([ 6,  1, 51,  7], device='cuda:0')，预测的设备号为:tensor([ 6,  0, 46,  7], device='cuda:0')
2020-12-28 11:44:14,100 - __main__ - INFO - [99, 1000] acc: 0.4540000259876251
2020-12-28 11:44:26,728 - __main__ - INFO - [100, 1000] loss: 1.4126061528176068
2020-12-28 11:44:26,732 - __main__ - INFO - 设备号为: tensor([ 7, 44, 52, 38], device='cuda:0')，预测的设备号为:tensor([ 7, 24, 45, 38], device='cuda:0')
2020-12-28 11:44:26,733 - __main__ - INFO - [100, 1000] acc: 0.47050002217292786
2020-12-28 11:44:39,215 - __main__ - INFO - [101, 1000] loss: 1.4178572712615132
2020-12-28 11:44:39,219 - __main__ - INFO - 设备号为: tensor([13, 47, 23, 11], device='cuda:0')，预测的设备号为:tensor([13, 48, 49, 11], device='cuda:0')
2020-12-28 11:44:39,220 - __main__ - INFO - [101, 1000] acc: 0.4702500104904175
2020-12-28 11:44:51,688 - __main__ - INFO - [102, 1000] loss: 1.418744798734784
2020-12-28 11:44:51,692 - __main__ - INFO - 设备号为: tensor([25, 14,  7, 39], device='cuda:0')，预测的设备号为:tensor([38, 14,  7, 39], device='cuda:0')
2020-12-28 11:44:51,693 - __main__ - INFO - [102, 1000] acc: 0.46800002455711365
2020-12-28 11:45:04,577 - __main__ - INFO - [103, 1000] loss: 1.391563774906099
2020-12-28 11:45:04,581 - __main__ - INFO - 设备号为: tensor([36, 10, 50, 41], device='cuda:0')，预测的设备号为:tensor([36, 11, 43, 41], device='cuda:0')
2020-12-28 11:45:04,583 - __main__ - INFO - [103, 1000] acc: 0.46800002455711365
2020-12-28 11:45:17,426 - __main__ - INFO - [104, 1000] loss: 1.350704494319856
2020-12-28 11:45:17,431 - __main__ - INFO - 设备号为: tensor([44, 42, 37, 20], device='cuda:0')，预测的设备号为:tensor([44, 17, 37, 12], device='cuda:0')
2020-12-28 11:45:17,432 - __main__ - INFO - [104, 1000] acc: 0.4922500252723694
2020-12-28 11:45:30,119 - __main__ - INFO - [105, 1000] loss: 1.3391151542440056
2020-12-28 11:45:30,123 - __main__ - INFO - 设备号为: tensor([24, 15, 23, 15], device='cuda:0')，预测的设备号为:tensor([14, 15, 43, 15], device='cuda:0')
2020-12-28 11:45:30,124 - __main__ - INFO - [105, 1000] acc: 0.48225003480911255
2020-12-28 11:45:42,812 - __main__ - INFO - [106, 1000] loss: 1.337653740145266
2020-12-28 11:45:42,817 - __main__ - INFO - 设备号为: tensor([18, 53, 16, 35], device='cuda:0')，预测的设备号为:tensor([50, 53, 22, 28], device='cuda:0')
2020-12-28 11:45:42,818 - __main__ - INFO - [106, 1000] acc: 0.4970000088214874
2020-12-28 11:45:55,586 - __main__ - INFO - [107, 1000] loss: 1.3289131082743406
2020-12-28 11:45:55,590 - __main__ - INFO - 设备号为: tensor([ 6, 49, 21, 10], device='cuda:0')，预测的设备号为:tensor([ 6, 41, 14, 10], device='cuda:0')
2020-12-28 11:45:55,591 - __main__ - INFO - [107, 1000] acc: 0.4982500374317169
2020-12-28 11:46:08,250 - __main__ - INFO - [108, 1000] loss: 1.3157941471934318
2020-12-28 11:46:08,254 - __main__ - INFO - 设备号为: tensor([48,  0, 27, 16], device='cuda:0')，预测的设备号为:tensor([42,  1, 34, 12], device='cuda:0')
2020-12-28 11:46:08,256 - __main__ - INFO - [108, 1000] acc: 0.4947500228881836
2020-12-28 11:46:21,064 - __main__ - INFO - [109, 1000] loss: 1.2701598646193744
2020-12-28 11:46:21,067 - __main__ - INFO - 设备号为: tensor([24, 29, 47, 19], device='cuda:0')，预测的设备号为:tensor([22, 35, 45, 50], device='cuda:0')
2020-12-28 11:46:21,068 - __main__ - INFO - [109, 1000] acc: 0.5292500257492065
2020-12-28 11:46:33,719 - __main__ - INFO - [110, 1000] loss: 1.2760458262364847
2020-12-28 11:46:33,723 - __main__ - INFO - 设备号为: tensor([20, 51,  9,  9], device='cuda:0')，预测的设备号为:tensor([12, 51,  9,  9], device='cuda:0')
2020-12-28 11:46:33,725 - __main__ - INFO - [110, 1000] acc: 0.5157500505447388
2020-12-28 11:46:46,184 - __main__ - INFO - [111, 1000] loss: 1.2562840696126223
2020-12-28 11:46:46,187 - __main__ - INFO - 设备号为: tensor([38,  6, 41, 30], device='cuda:0')，预测的设备号为:tensor([38,  6, 41, 30], device='cuda:0')
2020-12-28 11:46:46,188 - __main__ - INFO - [111, 1000] acc: 0.5390000343322754
2020-12-28 11:46:58,812 - __main__ - INFO - [112, 1000] loss: 1.2278298627026378
2020-12-28 11:46:58,817 - __main__ - INFO - 设备号为: tensor([46,  0, 52, 45], device='cuda:0')，预测的设备号为:tensor([15,  1, 47, 47], device='cuda:0')
2020-12-28 11:46:58,819 - __main__ - INFO - [112, 1000] acc: 0.53125
2020-12-28 11:47:11,354 - __main__ - INFO - [113, 1000] loss: 1.2386892965063452
2020-12-28 11:47:11,358 - __main__ - INFO - 设备号为: tensor([10,  0, 30, 15], device='cuda:0')，预测的设备号为:tensor([10,  0, 30, 15], device='cuda:0')
2020-12-28 11:47:11,359 - __main__ - INFO - [113, 1000] acc: 0.5372500419616699
2020-12-28 11:47:23,795 - __main__ - INFO - [114, 1000] loss: 1.2441339127235114
2020-12-28 11:47:23,798 - __main__ - INFO - 设备号为: tensor([38, 10, 12, 13], device='cuda:0')，预测的设备号为:tensor([38, 10, 40, 13], device='cuda:0')
2020-12-28 11:47:23,801 - __main__ - INFO - [114, 1000] acc: 0.5254999995231628
2020-12-28 11:47:36,085 - __main__ - INFO - [115, 1000] loss: 1.202687904447317
2020-12-28 11:47:36,091 - __main__ - INFO - 设备号为: tensor([48,  1, 35, 39], device='cuda:0')，预测的设备号为:tensor([45,  0, 31, 34], device='cuda:0')
2020-12-28 11:47:36,092 - __main__ - INFO - [115, 1000] acc: 0.5515000224113464
2020-12-28 11:47:48,535 - __main__ - INFO - [116, 1000] loss: 1.2025443041529507
2020-12-28 11:47:48,539 - __main__ - INFO - 设备号为: tensor([12, 51, 41, 38], device='cuda:0')，预测的设备号为:tensor([12, 44, 41, 38], device='cuda:0')
2020-12-28 11:47:48,541 - __main__ - INFO - [116, 1000] acc: 0.5522500276565552
2020-12-28 11:48:01,246 - __main__ - INFO - [117, 1000] loss: 1.1794732651524247
2020-12-28 11:48:01,250 - __main__ - INFO - 设备号为: tensor([ 6, 45, 22, 52], device='cuda:0')，预测的设备号为:tensor([ 6, 41, 49, 42], device='cuda:0')
2020-12-28 11:48:01,251 - __main__ - INFO - [117, 1000] acc: 0.5560000538825989
2020-12-28 11:48:14,082 - __main__ - INFO - [118, 1000] loss: 1.1358524618670345
2020-12-28 11:48:14,086 - __main__ - INFO - 设备号为: tensor([44, 22, 41, 37], device='cuda:0')，预测的设备号为:tensor([51, 18, 41, 37], device='cuda:0')
2020-12-28 11:48:14,088 - __main__ - INFO - [118, 1000] acc: 0.5645000338554382
2020-12-28 11:48:26,553 - __main__ - INFO - [119, 1000] loss: 1.1454264789670705
2020-12-28 11:48:26,556 - __main__ - INFO - 设备号为: tensor([12, 44, 23, 30], device='cuda:0')，预测的设备号为:tensor([21, 44, 52, 30], device='cuda:0')
2020-12-28 11:48:26,558 - __main__ - INFO - [119, 1000] acc: 0.5642500519752502
2020-12-28 11:48:39,052 - __main__ - INFO - [120, 1000] loss: 1.132822934286669
2020-12-28 11:48:39,056 - __main__ - INFO - 设备号为: tensor([46, 45, 26, 28], device='cuda:0')，预测的设备号为:tensor([46, 45, 33, 28], device='cuda:0')
2020-12-28 11:48:39,057 - __main__ - INFO - [120, 1000] acc: 0.5752500295639038
2020-12-28 11:48:51,635 - __main__ - INFO - [121, 1000] loss: 1.0760278062857687
2020-12-28 11:48:51,639 - __main__ - INFO - 设备号为: tensor([34, 12, 34, 39], device='cuda:0')，预测的设备号为:tensor([34, 44, 34, 39], device='cuda:0')
2020-12-28 11:48:51,640 - __main__ - INFO - [121, 1000] acc: 0.6042500138282776
2020-12-28 11:49:04,197 - __main__ - INFO - [122, 1000] loss: 1.0688363802349194
2020-12-28 11:49:04,201 - __main__ - INFO - 设备号为: tensor([ 0, 46, 29, 43], device='cuda:0')，预测的设备号为:tensor([ 1, 46, 29, 50], device='cuda:0')
2020-12-28 11:49:04,202 - __main__ - INFO - [122, 1000] acc: 0.5902500152587891
2020-12-28 11:49:16,881 - __main__ - INFO - [123, 1000] loss: 1.06728242872213
2020-12-28 11:49:16,885 - __main__ - INFO - 设备号为: tensor([31, 33, 40, 22], device='cuda:0')，预测的设备号为:tensor([31, 33, 40, 22], device='cuda:0')
2020-12-28 11:49:16,886 - __main__ - INFO - [123, 1000] acc: 0.6042500138282776
2020-12-28 11:49:29,279 - __main__ - INFO - [124, 1000] loss: 1.0178964106668718
2020-12-28 11:49:29,283 - __main__ - INFO - 设备号为: tensor([33, 48, 12, 26], device='cuda:0')，预测的设备号为:tensor([33, 42, 12, 26], device='cuda:0')
2020-12-28 11:49:29,284 - __main__ - INFO - [124, 1000] acc: 0.612000048160553
2020-12-28 11:49:41,594 - __main__ - INFO - [125, 1000] loss: 1.0294598631048575
2020-12-28 11:49:41,597 - __main__ - INFO - 设备号为: tensor([13, 28, 12, 29], device='cuda:0')，预测的设备号为:tensor([13, 28, 12, 29], device='cuda:0')
2020-12-28 11:49:41,598 - __main__ - INFO - [125, 1000] acc: 0.609000027179718
2020-12-28 11:49:54,062 - __main__ - INFO - [126, 1000] loss: 1.018256930258125
2020-12-28 11:49:54,066 - __main__ - INFO - 设备号为: tensor([53, 20,  9, 15], device='cuda:0')，预测的设备号为:tensor([53, 40,  9, 15], device='cuda:0')
2020-12-28 11:49:54,067 - __main__ - INFO - [126, 1000] acc: 0.612500011920929
2020-12-28 11:50:06,658 - __main__ - INFO - [127, 1000] loss: 1.0328072832711042
2020-12-28 11:50:06,662 - __main__ - INFO - 设备号为: tensor([31, 24, 27, 44], device='cuda:0')，预测的设备号为:tensor([28, 21, 39, 51], device='cuda:0')
2020-12-28 11:50:06,663 - __main__ - INFO - [127, 1000] acc: 0.6165000200271606
2020-12-28 11:50:19,262 - __main__ - INFO - [128, 1000] loss: 0.9782243506833911
2020-12-28 11:50:19,266 - __main__ - INFO - 设备号为: tensor([26,  9,  3, 43], device='cuda:0')，预测的设备号为:tensor([33,  9,  3, 16], device='cuda:0')
2020-12-28 11:50:19,268 - __main__ - INFO - [128, 1000] acc: 0.6255000233650208
2020-12-28 11:50:32,013 - __main__ - INFO - [129, 1000] loss: 0.9793205806016922
2020-12-28 11:50:32,018 - __main__ - INFO - 设备号为: tensor([20, 17, 23,  1], device='cuda:0')，预测的设备号为:tensor([14, 17, 22,  0], device='cuda:0')
2020-12-28 11:50:32,019 - __main__ - INFO - [129, 1000] acc: 0.624750018119812
2020-12-28 11:50:44,331 - __main__ - INFO - [130, 1000] loss: 0.9596733528799377
2020-12-28 11:50:44,335 - __main__ - INFO - 设备号为: tensor([37,  3, 30, 44], device='cuda:0')，预测的设备号为:tensor([37,  3, 44, 44], device='cuda:0')
2020-12-28 11:50:44,338 - __main__ - INFO - [130, 1000] acc: 0.6270000338554382
2020-12-28 11:50:56,875 - __main__ - INFO - [131, 1000] loss: 0.9328907993417234
2020-12-28 11:50:56,879 - __main__ - INFO - 设备号为: tensor([12,  9, 26, 53], device='cuda:0')，预测的设备号为:tensor([22,  9, 26, 53], device='cuda:0')
2020-12-28 11:50:56,880 - __main__ - INFO - [131, 1000] acc: 0.6370000243186951
2020-12-28 11:51:09,405 - __main__ - INFO - [132, 1000] loss: 0.9217721366537734
2020-12-28 11:51:09,409 - __main__ - INFO - 设备号为: tensor([42, 11, 51, 25], device='cuda:0')，预测的设备号为:tensor([45, 11, 51, 25], device='cuda:0')
2020-12-28 11:51:09,410 - __main__ - INFO - [132, 1000] acc: 0.640250027179718
2020-12-28 11:51:21,834 - __main__ - INFO - [133, 1000] loss: 0.9092105561145581
2020-12-28 11:51:21,838 - __main__ - INFO - 设备号为: tensor([ 0, 29, 40, 39], device='cuda:0')，预测的设备号为:tensor([ 1, 29, 40, 39], device='cuda:0')
2020-12-28 11:51:21,840 - __main__ - INFO - [133, 1000] acc: 0.6495000123977661
2020-12-28 11:51:34,556 - __main__ - INFO - [134, 1000] loss: 0.9103646628875285
2020-12-28 11:51:34,560 - __main__ - INFO - 设备号为: tensor([30, 47, 18, 36], device='cuda:0')，预测的设备号为:tensor([30, 48, 22, 36], device='cuda:0')
2020-12-28 11:51:34,561 - __main__ - INFO - [134, 1000] acc: 0.6537500023841858
2020-12-28 11:51:47,328 - __main__ - INFO - [135, 1000] loss: 0.8648112489785417
2020-12-28 11:51:47,333 - __main__ - INFO - 设备号为: tensor([35, 44, 12, 41], device='cuda:0')，预测的设备号为:tensor([35, 44, 44, 41], device='cuda:0')
2020-12-28 11:51:47,335 - __main__ - INFO - [135, 1000] acc: 0.6640000343322754
2020-12-28 11:52:00,214 - __main__ - INFO - [136, 1000] loss: 0.8872065254559275
2020-12-28 11:52:00,218 - __main__ - INFO - 设备号为: tensor([21, 23, 17, 18], device='cuda:0')，预测的设备号为:tensor([20, 22, 50, 22], device='cuda:0')
2020-12-28 11:52:00,219 - __main__ - INFO - [136, 1000] acc: 0.6645000576972961
2020-12-28 11:52:13,178 - __main__ - INFO - [137, 1000] loss: 0.86831541658286
2020-12-28 11:52:13,183 - __main__ - INFO - 设备号为: tensor([37,  8, 27, 27], device='cuda:0')，预测的设备号为:tensor([37,  3, 27, 27], device='cuda:0')
2020-12-28 11:52:13,185 - __main__ - INFO - [137, 1000] acc: 0.656000018119812
2020-12-28 11:52:25,821 - __main__ - INFO - [138, 1000] loss: 0.8525707163410261
2020-12-28 11:52:25,824 - __main__ - INFO - 设备号为: tensor([11, 19, 43, 24], device='cuda:0')，预测的设备号为:tensor([11, 49, 52, 16], device='cuda:0')
2020-12-28 11:52:25,827 - __main__ - INFO - [138, 1000] acc: 0.674750030040741
2020-12-28 11:52:38,585 - __main__ - INFO - [139, 1000] loss: 0.8138756748286542
2020-12-28 11:52:38,589 - __main__ - INFO - 设备号为: tensor([12, 46, 12, 12], device='cuda:0')，预测的设备号为:tensor([21, 46, 44, 12], device='cuda:0')
2020-12-28 11:52:38,591 - __main__ - INFO - [139, 1000] acc: 0.6772500276565552
2020-12-28 11:52:51,360 - __main__ - INFO - [140, 1000] loss: 0.8371626888578758
2020-12-28 11:52:51,364 - __main__ - INFO - 设备号为: tensor([20,  4, 30, 44], device='cuda:0')，预测的设备号为:tensor([20,  4, 30, 44], device='cuda:0')
2020-12-28 11:52:51,366 - __main__ - INFO - [140, 1000] acc: 0.671500027179718
2020-12-28 11:53:04,146 - __main__ - INFO - [141, 1000] loss: 0.7880051843719557
2020-12-28 11:53:04,150 - __main__ - INFO - 设备号为: tensor([ 7,  2, 21, 43], device='cuda:0')，预测的设备号为:tensor([ 7,  2, 21, 50], device='cuda:0')
2020-12-28 11:53:04,151 - __main__ - INFO - [141, 1000] acc: 0.6987500190734863
2020-12-28 11:53:16,596 - __main__ - INFO - [142, 1000] loss: 0.8126011493445839
2020-12-28 11:53:16,600 - __main__ - INFO - 设备号为: tensor([51, 39, 17, 27], device='cuda:0')，预测的设备号为:tensor([51, 39, 17, 27], device='cuda:0')
2020-12-28 11:53:16,601 - __main__ - INFO - [142, 1000] acc: 0.6852500438690186
2020-12-28 11:53:29,213 - __main__ - INFO - [143, 1000] loss: 0.827564058149932
2020-12-28 11:53:29,217 - __main__ - INFO - 设备号为: tensor([50, 38, 26,  6], device='cuda:0')，预测的设备号为:tensor([43, 38, 26,  6], device='cuda:0')
2020-12-28 11:53:29,218 - __main__ - INFO - [143, 1000] acc: 0.6845000386238098
2020-12-28 11:53:41,843 - __main__ - INFO - [144, 1000] loss: 0.7584707346088253
2020-12-28 11:53:41,847 - __main__ - INFO - 设备号为: tensor([36, 15, 27, 50], device='cuda:0')，预测的设备号为:tensor([36, 15, 27, 50], device='cuda:0')
2020-12-28 11:53:41,848 - __main__ - INFO - [144, 1000] acc: 0.6930000185966492
2020-12-28 11:53:54,358 - __main__ - INFO - [145, 1000] loss: 0.7894940536851064
2020-12-28 11:53:54,362 - __main__ - INFO - 设备号为: tensor([36, 38,  5, 29], device='cuda:0')，预测的设备号为:tensor([36, 25,  5, 29], device='cuda:0')
2020-12-28 11:53:54,363 - __main__ - INFO - [145, 1000] acc: 0.7055000066757202
2020-12-28 11:54:07,033 - __main__ - INFO - [146, 1000] loss: 0.7815846762550064
2020-12-28 11:54:07,036 - __main__ - INFO - 设备号为: tensor([ 6, 48, 34,  2], device='cuda:0')，预测的设备号为:tensor([ 6, 45, 34,  2], device='cuda:0')
2020-12-28 11:54:07,038 - __main__ - INFO - [146, 1000] acc: 0.6955000162124634
