2020-12-23 03:24:31,928 - __main__ - INFO - [1, 1000] loss: 3.9899607853889467
2020-12-23 03:24:31,930 - __main__ - INFO - 设备号为: tensor([ 7, 48, 15, 27], device='cuda:0')，预测的设备号为:tensor([10, 17, 17, 34], device='cuda:0')
2020-12-23 03:24:31,932 - __main__ - INFO - [1, 1000] acc: 0.020500000566244125
2020-12-23 03:24:41,427 - __main__ - INFO - [2, 1000] loss: 3.9874045226573944
2020-12-23 03:24:41,431 - __main__ - INFO - 设备号为: tensor([39,  7, 41, 31], device='cuda:0')，预测的设备号为:tensor([ 1, 38, 21, 51], device='cuda:0')
2020-12-23 03:24:41,433 - __main__ - INFO - [2, 1000] acc: 0.01925000175833702
2020-12-23 03:24:50,760 - __main__ - INFO - [3, 1000] loss: 3.986494879961014
2020-12-23 03:24:50,764 - __main__ - INFO - 设备号为: tensor([ 7, 23,  7,  0], device='cuda:0')，预测的设备号为:tensor([ 4, 31, 34, 18], device='cuda:0')
2020-12-23 03:24:50,766 - __main__ - INFO - [3, 1000] acc: 0.020250000059604645
2020-12-23 03:25:00,624 - __main__ - INFO - [4, 1000] loss: 3.984089645624161
2020-12-23 03:25:00,629 - __main__ - INFO - 设备号为: tensor([15, 38, 51, 53], device='cuda:0')，预测的设备号为:tensor([14, 17, 17, 18], device='cuda:0')
2020-12-23 03:25:00,631 - __main__ - INFO - [4, 1000] acc: 0.027000000700354576
2020-12-23 03:25:10,536 - __main__ - INFO - [5, 1000] loss: 3.9801271662712097
2020-12-23 03:25:10,539 - __main__ - INFO - 设备号为: tensor([28, 33,  7, 53], device='cuda:0')，预测的设备号为:tensor([38, 34, 34, 10], device='cuda:0')
2020-12-23 03:25:10,540 - __main__ - INFO - [5, 1000] acc: 0.024500001221895218
2020-12-23 03:25:20,317 - __main__ - INFO - [6, 1000] loss: 3.973831941843033
2020-12-23 03:25:20,321 - __main__ - INFO - 设备号为: tensor([ 8, 20, 30,  1], device='cuda:0')，预测的设备号为:tensor([10, 34, 45, 31], device='cuda:0')
2020-12-23 03:25:20,323 - __main__ - INFO - [6, 1000] acc: 0.036000002175569534
2020-12-23 03:25:29,806 - __main__ - INFO - [7, 1000] loss: 3.9611374011039735
2020-12-23 03:25:29,810 - __main__ - INFO - 设备号为: tensor([44,  0, 43, 45], device='cuda:0')，预测的设备号为:tensor([20, 10, 38, 50], device='cuda:0')
2020-12-23 03:25:29,811 - __main__ - INFO - [7, 1000] acc: 0.03375000134110451
2020-12-23 03:25:39,600 - __main__ - INFO - [8, 1000] loss: 3.9256794412136076
2020-12-23 03:25:39,604 - __main__ - INFO - 设备号为: tensor([44, 39, 17, 33], device='cuda:0')，预测的设备号为:tensor([14,  5, 10, 34], device='cuda:0')
2020-12-23 03:25:39,605 - __main__ - INFO - [8, 1000] acc: 0.0430000014603138
2020-12-23 03:25:49,064 - __main__ - INFO - [9, 1000] loss: 3.7659667048454284
2020-12-23 03:25:49,068 - __main__ - INFO - 设备号为: tensor([49, 40,  1, 44], device='cuda:0')，预测的设备号为:tensor([44, 37,  9, 45], device='cuda:0')
2020-12-23 03:25:49,070 - __main__ - INFO - [9, 1000] acc: 0.05950000137090683
2020-12-23 03:25:58,592 - __main__ - INFO - [10, 1000] loss: 3.4012447731494904
2020-12-23 03:25:58,596 - __main__ - INFO - 设备号为: tensor([19, 28,  1, 12], device='cuda:0')，预测的设备号为:tensor([46, 36,  1, 37], device='cuda:0')
2020-12-23 03:25:58,597 - __main__ - INFO - [10, 1000] acc: 0.06725000590085983
2020-12-23 03:26:08,121 - __main__ - INFO - [11, 1000] loss: 3.201129425764084
2020-12-23 03:26:08,125 - __main__ - INFO - 设备号为: tensor([32, 43, 46, 15], device='cuda:0')，预测的设备号为:tensor([36, 21, 46, 15], device='cuda:0')
2020-12-23 03:26:08,126 - __main__ - INFO - [11, 1000] acc: 0.09725000709295273
2020-12-23 03:26:16,856 - __main__ - INFO - [12, 1000] loss: 3.0629256986379625
2020-12-23 03:26:16,860 - __main__ - INFO - 设备号为: tensor([20, 47, 11,  2], device='cuda:0')，预测的设备号为:tensor([51, 21, 35,  7], device='cuda:0')
2020-12-23 03:26:16,862 - __main__ - INFO - [12, 1000] acc: 0.12025000900030136
2020-12-23 03:26:26,570 - __main__ - INFO - [13, 1000] loss: 2.9388578798770904
2020-12-23 03:26:26,574 - __main__ - INFO - 设备号为: tensor([11, 22, 31, 37], device='cuda:0')，预测的设备号为:tensor([11, 14, 11, 30], device='cuda:0')
2020-12-23 03:26:26,575 - __main__ - INFO - [13, 1000] acc: 0.13625000417232513
2020-12-23 03:26:35,921 - __main__ - INFO - [14, 1000] loss: 2.8429854916334154
2020-12-23 03:26:35,924 - __main__ - INFO - 设备号为: tensor([10,  9, 14, 17], device='cuda:0')，预测的设备号为:tensor([ 7,  1, 16, 17], device='cuda:0')
2020-12-23 03:26:35,925 - __main__ - INFO - [14, 1000] acc: 0.1485000103712082
2020-12-23 03:26:47,155 - __main__ - INFO - [15, 1000] loss: 2.743255702674389
2020-12-23 03:26:47,160 - __main__ - INFO - 设备号为: tensor([47, 10,  8, 42], device='cuda:0')，预测的设备号为:tensor([40,  8,  5, 51], device='cuda:0')
2020-12-23 03:26:47,162 - __main__ - INFO - [15, 1000] acc: 0.17600001394748688
2020-12-23 03:26:59,032 - __main__ - INFO - [16, 1000] loss: 2.596933409333229
2020-12-23 03:26:59,036 - __main__ - INFO - 设备号为: tensor([ 9, 11,  7, 27], device='cuda:0')，预测的设备号为:tensor([ 1, 39, 11, 31], device='cuda:0')
2020-12-23 03:26:59,037 - __main__ - INFO - [16, 1000] acc: 0.20550000667572021
2020-12-23 03:27:10,829 - __main__ - INFO - [17, 1000] loss: 2.457713494002819
2020-12-23 03:27:10,833 - __main__ - INFO - 设备号为: tensor([16, 40, 36, 49], device='cuda:0')，预测的设备号为:tensor([18, 14, 11, 30], device='cuda:0')
2020-12-23 03:27:10,835 - __main__ - INFO - [17, 1000] acc: 0.21950000524520874
2020-12-23 03:27:23,004 - __main__ - INFO - [18, 1000] loss: 2.3296691234111786
2020-12-23 03:27:23,008 - __main__ - INFO - 设备号为: tensor([48, 52,  2, 31], device='cuda:0')，预测的设备号为:tensor([ 2, 52,  2, 31], device='cuda:0')
2020-12-23 03:27:23,010 - __main__ - INFO - [18, 1000] acc: 0.2460000067949295
2020-12-23 03:27:35,535 - __main__ - INFO - [19, 1000] loss: 2.1841357493400575
2020-12-23 03:27:35,539 - __main__ - INFO - 设备号为: tensor([51, 27, 42, 51], device='cuda:0')，预测的设备号为:tensor([21, 27, 19, 21], device='cuda:0')
2020-12-23 03:27:35,540 - __main__ - INFO - [19, 1000] acc: 0.28824999928474426
2020-12-23 03:27:48,159 - __main__ - INFO - [20, 1000] loss: 2.056003664255142
2020-12-23 03:27:48,164 - __main__ - INFO - 设备号为: tensor([ 6, 42, 32, 26], device='cuda:0')，预测的设备号为:tensor([ 5, 40, 25,  6], device='cuda:0')
2020-12-23 03:27:48,166 - __main__ - INFO - [20, 1000] acc: 0.32375001907348633
2020-12-23 03:28:00,809 - __main__ - INFO - [21, 1000] loss: 2.0038195520341398
2020-12-23 03:28:00,813 - __main__ - INFO - 设备号为: tensor([47,  4, 42, 35], device='cuda:0')，预测的设备号为:tensor([18, 29, 40,  4], device='cuda:0')
2020-12-23 03:28:00,814 - __main__ - INFO - [21, 1000] acc: 0.3302500247955322
2020-12-23 03:28:13,297 - __main__ - INFO - [22, 1000] loss: 1.9037648651897907
2020-12-23 03:28:13,300 - __main__ - INFO - 设备号为: tensor([41, 12, 21, 48], device='cuda:0')，预测的设备号为:tensor([47, 12, 47, 48], device='cuda:0')
2020-12-23 03:28:13,302 - __main__ - INFO - [22, 1000] acc: 0.3700000047683716
2020-12-23 03:28:25,831 - __main__ - INFO - [23, 1000] loss: 1.8576546575427055
2020-12-23 03:28:25,835 - __main__ - INFO - 设备号为: tensor([ 5,  3,  0, 17], device='cuda:0')，预测的设备号为:tensor([ 5, 27, 38, 17], device='cuda:0')
2020-12-23 03:28:25,836 - __main__ - INFO - [23, 1000] acc: 0.36925002932548523
2020-12-23 03:28:38,494 - __main__ - INFO - [24, 1000] loss: 1.7945183112621308
2020-12-23 03:28:38,497 - __main__ - INFO - 设备号为: tensor([37, 18, 19,  8], device='cuda:0')，预测的设备号为:tensor([37, 18, 19,  5], device='cuda:0')
2020-12-23 03:28:38,499 - __main__ - INFO - [24, 1000] acc: 0.39500001072883606
2020-12-23 03:28:51,244 - __main__ - INFO - [25, 1000] loss: 1.7203172385543586
2020-12-23 03:28:51,247 - __main__ - INFO - 设备号为: tensor([ 4, 48,  5, 20], device='cuda:0')，预测的设备号为:tensor([ 2, 17,  5, 19], device='cuda:0')
2020-12-23 03:28:51,249 - __main__ - INFO - [25, 1000] acc: 0.42125001549720764
2020-12-23 03:29:03,988 - __main__ - INFO - [26, 1000] loss: 1.6437481918632983
2020-12-23 03:29:03,993 - __main__ - INFO - 设备号为: tensor([30, 24,  1, 16], device='cuda:0')，预测的设备号为:tensor([30, 23,  1, 22], device='cuda:0')
2020-12-23 03:29:03,995 - __main__ - INFO - [26, 1000] acc: 0.44975003600120544
2020-12-23 03:29:16,765 - __main__ - INFO - [27, 1000] loss: 1.5822569130063058
2020-12-23 03:29:16,769 - __main__ - INFO - 设备号为: tensor([31, 21, 42, 35], device='cuda:0')，预测的设备号为:tensor([25, 51, 21,  4], device='cuda:0')
2020-12-23 03:29:16,771 - __main__ - INFO - [27, 1000] acc: 0.4552500247955322
2020-12-23 03:29:29,314 - __main__ - INFO - [28, 1000] loss: 1.5440040276050568
2020-12-23 03:29:29,318 - __main__ - INFO - 设备号为: tensor([37, 29, 32,  5], device='cuda:0')，预测的设备号为:tensor([37, 29, 25,  5], device='cuda:0')
2020-12-23 03:29:29,319 - __main__ - INFO - [28, 1000] acc: 0.47175002098083496
2020-12-23 03:29:41,927 - __main__ - INFO - [29, 1000] loss: 1.4970736891329288
2020-12-23 03:29:41,931 - __main__ - INFO - 设备号为: tensor([35, 50, 40, 16], device='cuda:0')，预测的设备号为:tensor([35, 49, 51, 18], device='cuda:0')
2020-12-23 03:29:41,933 - __main__ - INFO - [29, 1000] acc: 0.4882500171661377
2020-12-23 03:29:54,265 - __main__ - INFO - [30, 1000] loss: 1.4499634860008954
2020-12-23 03:29:54,269 - __main__ - INFO - 设备号为: tensor([13,  5, 11, 33], device='cuda:0')，预测的设备号为:tensor([13,  5, 36, 33], device='cuda:0')
2020-12-23 03:29:54,272 - __main__ - INFO - [30, 1000] acc: 0.49800002574920654
