2020-12-24 02:15:11,532 - __main__ - INFO - [1, 1000] loss: 3.9885730347633364
2020-12-24 02:15:11,551 - __main__ - INFO - 设备号为: tensor([45, 32, 38, 34], device='cuda:1')，预测的设备号为:tensor([31, 25,  2, 30], device='cuda:1')
2020-12-24 02:15:11,552 - __main__ - INFO - [1, 1000] acc: 0.01875000074505806
2020-12-24 02:15:51,263 - __main__ - INFO - [2, 1000] loss: 3.9848603575229644
2020-12-24 02:15:51,283 - __main__ - INFO - 设备号为: tensor([15, 44, 18, 21], device='cuda:1')，预测的设备号为:tensor([ 7, 37, 15,  7], device='cuda:1')
2020-12-24 02:15:51,284 - __main__ - INFO - [2, 1000] acc: 0.01875000074505806
2020-12-24 02:16:30,980 - __main__ - INFO - [3, 1000] loss: 3.9767272427082063
2020-12-24 02:16:30,999 - __main__ - INFO - 设备号为: tensor([37, 21, 23, 48], device='cuda:1')，预测的设备号为:tensor([12, 17, 41, 17], device='cuda:1')
2020-12-24 02:16:31,000 - __main__ - INFO - [3, 1000] acc: 0.030000001192092896
2020-12-24 02:17:10,685 - __main__ - INFO - [4, 1000] loss: 3.958636757135391
2020-12-24 02:17:10,704 - __main__ - INFO - 设备号为: tensor([11,  8, 29, 18], device='cuda:1')，预测的设备号为:tensor([ 8, 14, 19, 12], device='cuda:1')
2020-12-24 02:17:10,705 - __main__ - INFO - [4, 1000] acc: 0.039250001311302185
2020-12-24 02:17:50,122 - __main__ - INFO - [5, 1000] loss: 3.880290555238724
2020-12-24 02:17:50,142 - __main__ - INFO - 设备号为: tensor([ 3, 14, 15,  9], device='cuda:1')，预测的设备号为:tensor([ 0, 44, 52,  0], device='cuda:1')
2020-12-24 02:17:50,143 - __main__ - INFO - [5, 1000] acc: 0.06424999982118607
2020-12-24 02:18:29,638 - __main__ - INFO - [6, 1000] loss: 3.4730301570892332
2020-12-24 02:18:29,657 - __main__ - INFO - 设备号为: tensor([34, 28,  4, 40], device='cuda:1')，预测的设备号为:tensor([34, 32, 41, 24], device='cuda:1')
2020-12-24 02:18:29,658 - __main__ - INFO - [6, 1000] acc: 0.0767500028014183
2020-12-24 02:19:09,426 - __main__ - INFO - [7, 1000] loss: 3.156672628164291
2020-12-24 02:19:09,445 - __main__ - INFO - 设备号为: tensor([52, 26, 48, 48], device='cuda:1')，预测的设备号为:tensor([45, 32,  2, 29], device='cuda:1')
2020-12-24 02:19:09,446 - __main__ - INFO - [7, 1000] acc: 0.10875000804662704
2020-12-24 02:19:49,133 - __main__ - INFO - [8, 1000] loss: 2.9573227237463
2020-12-24 02:19:49,152 - __main__ - INFO - 设备号为: tensor([23, 43, 34, 34], device='cuda:1')，预测的设备号为:tensor([53, 16, 31, 34], device='cuda:1')
2020-12-24 02:19:49,153 - __main__ - INFO - [8, 1000] acc: 0.13300000131130219
2020-12-24 02:20:28,854 - __main__ - INFO - [9, 1000] loss: 2.8126845560073854
2020-12-24 02:20:28,873 - __main__ - INFO - 设备号为: tensor([ 0, 11, 32,  9], device='cuda:1')，预测的设备号为:tensor([38,  8, 32,  0], device='cuda:1')
2020-12-24 02:20:28,874 - __main__ - INFO - [9, 1000] acc: 0.15000000596046448
2020-12-24 02:21:08,585 - __main__ - INFO - [10, 1000] loss: 2.6793075129389763
2020-12-24 02:21:08,604 - __main__ - INFO - 设备号为: tensor([16, 33, 44, 10], device='cuda:1')，预测的设备号为:tensor([22, 33, 52, 31], device='cuda:1')
2020-12-24 02:21:08,605 - __main__ - INFO - [10, 1000] acc: 0.1837500035762787
2020-12-24 02:21:48,191 - __main__ - INFO - [11, 1000] loss: 2.568044200539589
2020-12-24 02:21:48,210 - __main__ - INFO - 设备号为: tensor([11, 27,  7, 27], device='cuda:1')，预测的设备号为:tensor([ 3, 33,  7,  3], device='cuda:1')
2020-12-24 02:21:48,211 - __main__ - INFO - [11, 1000] acc: 0.19325001537799835
2020-12-24 02:22:27,782 - __main__ - INFO - [12, 1000] loss: 2.4407481433153153
2020-12-24 02:22:27,801 - __main__ - INFO - 设备号为: tensor([27, 31, 37, 52], device='cuda:1')，预测的设备号为:tensor([29, 25, 37, 46], device='cuda:1')
2020-12-24 02:22:27,802 - __main__ - INFO - [12, 1000] acc: 0.21925000846385956
2020-12-24 02:23:07,433 - __main__ - INFO - [13, 1000] loss: 2.293938756287098
2020-12-24 02:23:07,453 - __main__ - INFO - 设备号为: tensor([ 1, 22,  0, 46], device='cuda:1')，预测的设备号为:tensor([ 8, 40,  0, 15], device='cuda:1')
2020-12-24 02:23:07,454 - __main__ - INFO - [13, 1000] acc: 0.2680000066757202
2020-12-24 02:23:47,070 - __main__ - INFO - [14, 1000] loss: 2.1142076300382615
2020-12-24 02:23:47,089 - __main__ - INFO - 设备号为: tensor([19, 19, 33, 30], device='cuda:1')，预测的设备号为:tensor([51, 21,  1, 30], device='cuda:1')
2020-12-24 02:23:47,090 - __main__ - INFO - [14, 1000] acc: 0.30900001525878906
2020-12-24 02:24:26,799 - __main__ - INFO - [15, 1000] loss: 1.9745207443237305
2020-12-24 02:24:26,818 - __main__ - INFO - 设备号为: tensor([28, 31, 21, 45], device='cuda:1')，预测的设备号为:tensor([28, 48, 21, 45], device='cuda:1')
2020-12-24 02:24:26,819 - __main__ - INFO - [15, 1000] acc: 0.34150001406669617
2020-12-24 02:25:06,521 - __main__ - INFO - [16, 1000] loss: 1.7960829926431179
2020-12-24 02:25:06,540 - __main__ - INFO - 设备号为: tensor([ 2, 38,  2, 16], device='cuda:1')，预测的设备号为:tensor([35, 36,  2, 22], device='cuda:1')
2020-12-24 02:25:06,541 - __main__ - INFO - [16, 1000] acc: 0.3987500071525574
2020-12-24 02:25:46,185 - __main__ - INFO - [17, 1000] loss: 1.6754999904036523
2020-12-24 02:25:46,204 - __main__ - INFO - 设备号为: tensor([44, 40, 22, 30], device='cuda:1')，预测的设备号为:tensor([44, 51, 14, 30], device='cuda:1')
2020-12-24 02:25:46,205 - __main__ - INFO - [17, 1000] acc: 0.43275001645088196
2020-12-24 02:26:25,909 - __main__ - INFO - [18, 1000] loss: 1.5932501022517682
2020-12-24 02:26:25,929 - __main__ - INFO - 设备号为: tensor([50, 45, 31, 20], device='cuda:1')，预测的设备号为:tensor([42, 44, 31, 19], device='cuda:1')
2020-12-24 02:26:25,930 - __main__ - INFO - [18, 1000] acc: 0.4452500343322754
2020-12-24 02:27:05,623 - __main__ - INFO - [19, 1000] loss: 1.4886208862066268
2020-12-24 02:27:05,642 - __main__ - INFO - 设备号为: tensor([46, 20, 16, 26], device='cuda:1')，预测的设备号为:tensor([46, 12, 21, 26], device='cuda:1')
2020-12-24 02:27:05,643 - __main__ - INFO - [19, 1000] acc: 0.4832500219345093
2020-12-24 02:27:45,274 - __main__ - INFO - [20, 1000] loss: 1.44839445219934
2020-12-24 02:27:45,293 - __main__ - INFO - 设备号为: tensor([41, 40, 42, 50], device='cuda:1')，预测的设备号为:tensor([43, 49, 42, 50], device='cuda:1')
2020-12-24 02:27:45,294 - __main__ - INFO - [20, 1000] acc: 0.4932500123977661
2020-12-24 02:28:24,963 - __main__ - INFO - [21, 1000] loss: 1.3921424853503703
2020-12-24 02:28:24,982 - __main__ - INFO - 设备号为: tensor([49, 29, 34, 40], device='cuda:1')，预测的设备号为:tensor([49, 35, 34, 49], device='cuda:1')
2020-12-24 02:28:24,983 - __main__ - INFO - [21, 1000] acc: 0.5157500505447388
2020-12-24 02:29:04,695 - __main__ - INFO - [22, 1000] loss: 1.3374837160259485
2020-12-24 02:29:04,715 - __main__ - INFO - 设备号为: tensor([12, 50, 22, 50], device='cuda:1')，预测的设备号为:tensor([12, 50, 16, 50], device='cuda:1')
2020-12-24 02:29:04,716 - __main__ - INFO - [22, 1000] acc: 0.5235000252723694
2020-12-24 02:29:44,379 - __main__ - INFO - [23, 1000] loss: 1.3107802299037576
2020-12-24 02:29:44,398 - __main__ - INFO - 设备号为: tensor([41, 53, 26, 19], device='cuda:1')，预测的设备号为:tensor([51, 53, 26, 20], device='cuda:1')
2020-12-24 02:29:44,399 - __main__ - INFO - [23, 1000] acc: 0.5365000367164612
2020-12-24 02:30:24,092 - __main__ - INFO - [24, 1000] loss: 1.2660748717188834
2020-12-24 02:30:24,111 - __main__ - INFO - 设备号为: tensor([21,  3, 35, 47], device='cuda:1')，预测的设备号为:tensor([47,  7, 35, 22], device='cuda:1')
2020-12-24 02:30:24,112 - __main__ - INFO - [24, 1000] acc: 0.5625
2020-12-24 02:31:03,845 - __main__ - INFO - [25, 1000] loss: 1.205761055301875
2020-12-24 02:31:03,864 - __main__ - INFO - 设备号为: tensor([10, 47, 12, 27], device='cuda:1')，预测的设备号为:tensor([ 8, 43, 12, 11], device='cuda:1')
2020-12-24 02:31:03,866 - __main__ - INFO - [25, 1000] acc: 0.5830000042915344
2020-12-24 02:31:43,568 - __main__ - INFO - [26, 1000] loss: 1.1557118675857783
2020-12-24 02:31:43,588 - __main__ - INFO - 设备号为: tensor([22, 46, 22, 34], device='cuda:1')，预测的设备号为:tensor([21, 46, 30, 34], device='cuda:1')
2020-12-24 02:31:43,589 - __main__ - INFO - [26, 1000] acc: 0.5917500257492065
2020-12-24 02:32:23,294 - __main__ - INFO - [27, 1000] loss: 1.1159545346423985
2020-12-24 02:32:23,313 - __main__ - INFO - 设备号为: tensor([12, 15, 28, 36], device='cuda:1')，预测的设备号为:tensor([15, 15, 31, 36], device='cuda:1')
2020-12-24 02:32:23,313 - __main__ - INFO - [27, 1000] acc: 0.6042500138282776
2020-12-24 02:33:03,052 - __main__ - INFO - [28, 1000] loss: 1.0770287475958467
2020-12-24 02:33:03,071 - __main__ - INFO - 设备号为: tensor([24, 53, 47,  5], device='cuda:1')，预测的设备号为:tensor([24, 53, 43,  5], device='cuda:1')
2020-12-24 02:33:03,072 - __main__ - INFO - [28, 1000] acc: 0.6200000047683716
2020-12-24 02:33:42,715 - __main__ - INFO - [29, 1000] loss: 1.0541532900370658
2020-12-24 02:33:42,734 - __main__ - INFO - 设备号为: tensor([22, 53, 21, 43], device='cuda:1')，预测的设备号为:tensor([19, 46, 16, 43], device='cuda:1')
2020-12-24 02:33:42,735 - __main__ - INFO - [29, 1000] acc: 0.6315000057220459
2020-12-24 02:34:22,377 - __main__ - INFO - [30, 1000] loss: 1.0018522447831928
2020-12-24 02:34:22,396 - __main__ - INFO - 设备号为: tensor([35, 49, 22,  8], device='cuda:1')，预测的设备号为:tensor([35, 49, 18,  0], device='cuda:1')
2020-12-24 02:34:22,397 - __main__ - INFO - [30, 1000] acc: 0.6477500200271606
2020-12-24 02:35:02,061 - __main__ - INFO - [31, 1000] loss: 0.976019837025553
2020-12-24 02:35:02,080 - __main__ - INFO - 设备号为: tensor([26, 15, 52, 10], device='cuda:1')，预测的设备号为:tensor([26, 15, 52, 38], device='cuda:1')
2020-12-24 02:35:02,082 - __main__ - INFO - [31, 1000] acc: 0.6605000495910645
2020-12-24 02:35:41,772 - __main__ - INFO - [32, 1000] loss: 0.9403177318796515
2020-12-24 02:35:41,791 - __main__ - INFO - 设备号为: tensor([47, 14, 41, 29], device='cuda:1')，预测的设备号为:tensor([47, 14, 50, 29], device='cuda:1')
2020-12-24 02:35:41,793 - __main__ - INFO - [32, 1000] acc: 0.6792500615119934
