2020-12-24 01:01:29,625 - __main__ - INFO - [1, 1000] loss: 3.98820131111145
2020-12-24 01:01:29,644 - __main__ - INFO - 设备号为: tensor([53,  4, 15, 29], device='cuda:0')，预测的设备号为:tensor([38, 32, 20,  1], device='cuda:0')
2020-12-24 01:01:29,645 - __main__ - INFO - [1, 1000] acc: 0.019750000908970833
2020-12-24 01:02:09,484 - __main__ - INFO - [2, 1000] loss: 3.978781323671341
2020-12-24 01:02:09,503 - __main__ - INFO - 设备号为: tensor([40, 50, 23, 35], device='cuda:0')，预测的设备号为:tensor([29, 42, 42, 45], device='cuda:0')
2020-12-24 01:02:09,504 - __main__ - INFO - [2, 1000] acc: 0.027250001206994057
2020-12-24 01:02:49,382 - __main__ - INFO - [3, 1000] loss: 3.9610574786663055
2020-12-24 01:02:49,401 - __main__ - INFO - 设备号为: tensor([29, 32,  1, 48], device='cuda:0')，预测的设备号为:tensor([29, 29, 29,  5], device='cuda:0')
2020-12-24 01:02:49,402 - __main__ - INFO - [3, 1000] acc: 0.04325000196695328
2020-12-24 01:03:29,223 - __main__ - INFO - [4, 1000] loss: 3.8936173114776613
2020-12-24 01:03:29,242 - __main__ - INFO - 设备号为: tensor([31, 24,  6, 21], device='cuda:0')，预测的设备号为:tensor([29, 37,  9, 18], device='cuda:0')
2020-12-24 01:03:29,244 - __main__ - INFO - [4, 1000] acc: 0.05625000223517418
2020-12-24 01:04:08,539 - __main__ - INFO - [5, 1000] loss: 3.5709230070114137
2020-12-24 01:04:08,559 - __main__ - INFO - 设备号为: tensor([40, 35,  1,  4], device='cuda:0')，预测的设备号为:tensor([24, 32, 32, 34], device='cuda:0')
2020-12-24 01:04:08,560 - __main__ - INFO - [5, 1000] acc: 0.0637500062584877
2020-12-24 01:04:48,383 - __main__ - INFO - [6, 1000] loss: 3.2363443958759306
2020-12-24 01:04:48,403 - __main__ - INFO - 设备号为: tensor([ 8, 13,  2, 27], device='cuda:0')，预测的设备号为:tensor([ 9, 53,  7, 11], device='cuda:0')
2020-12-24 01:04:48,404 - __main__ - INFO - [6, 1000] acc: 0.09050000458955765
2020-12-24 01:05:28,101 - __main__ - INFO - [7, 1000] loss: 3.0345471450090407
2020-12-24 01:05:28,120 - __main__ - INFO - 设备号为: tensor([ 8,  6, 24, 46], device='cuda:0')，预测的设备号为:tensor([ 8,  8, 24, 52], device='cuda:0')
2020-12-24 01:05:28,121 - __main__ - INFO - [7, 1000] acc: 0.12250000238418579
2020-12-24 01:06:07,784 - __main__ - INFO - [8, 1000] loss: 2.8891455556154253
2020-12-24 01:06:07,804 - __main__ - INFO - 设备号为: tensor([13, 33,  5, 12], device='cuda:0')，预测的设备号为:tensor([42,  9,  6, 24], device='cuda:0')
2020-12-24 01:06:07,805 - __main__ - INFO - [8, 1000] acc: 0.14800000190734863
2020-12-24 01:06:47,689 - __main__ - INFO - [9, 1000] loss: 2.694819632291794
2020-12-24 01:06:47,709 - __main__ - INFO - 设备号为: tensor([52, 45, 16, 16], device='cuda:0')，预测的设备号为:tensor([45, 44, 40, 50], device='cuda:0')
2020-12-24 01:06:47,710 - __main__ - INFO - [9, 1000] acc: 0.17900000512599945
2020-12-24 01:07:27,519 - __main__ - INFO - [10, 1000] loss: 2.5632950459718704
2020-12-24 01:07:27,538 - __main__ - INFO - 设备号为: tensor([25, 10, 11, 23], device='cuda:0')，预测的设备号为:tensor([ 2, 11, 31, 37], device='cuda:0')
2020-12-24 01:07:27,539 - __main__ - INFO - [10, 1000] acc: 0.21050001680850983
2020-12-24 01:08:07,372 - __main__ - INFO - [11, 1000] loss: 2.3715362550616264
2020-12-24 01:08:07,392 - __main__ - INFO - 设备号为: tensor([15, 39, 17, 21], device='cuda:0')，预测的设备号为:tensor([15, 31, 48, 18], device='cuda:0')
2020-12-24 01:08:07,392 - __main__ - INFO - [11, 1000] acc: 0.2527500092983246
2020-12-24 01:08:47,202 - __main__ - INFO - [12, 1000] loss: 2.21063605761528
2020-12-24 01:08:47,221 - __main__ - INFO - 设备号为: tensor([ 8, 40, 38, 29], device='cuda:0')，预测的设备号为:tensor([ 0, 50,  1, 27], device='cuda:0')
2020-12-24 01:08:47,222 - __main__ - INFO - [12, 1000] acc: 0.29350000619888306
2020-12-24 01:09:27,062 - __main__ - INFO - [13, 1000] loss: 2.042817897975445
2020-12-24 01:09:27,081 - __main__ - INFO - 设备号为: tensor([31, 22, 10, 46], device='cuda:0')，预测的设备号为:tensor([ 7, 47,  9, 46], device='cuda:0')
2020-12-24 01:09:27,082 - __main__ - INFO - [13, 1000] acc: 0.32325002551078796
2020-12-24 01:10:06,945 - __main__ - INFO - [14, 1000] loss: 1.8963487818539142
2020-12-24 01:10:06,964 - __main__ - INFO - 设备号为: tensor([26, 50, 45, 40], device='cuda:0')，预测的设备号为:tensor([10, 42, 45, 42], device='cuda:0')
2020-12-24 01:10:06,965 - __main__ - INFO - [14, 1000] acc: 0.3750000298023224
2020-12-24 01:10:46,705 - __main__ - INFO - [15, 1000] loss: 1.755573667705059
2020-12-24 01:10:46,724 - __main__ - INFO - 设备号为: tensor([11, 46, 44, 10], device='cuda:0')，预测的设备号为:tensor([34, 46, 45,  5], device='cuda:0')
2020-12-24 01:10:46,726 - __main__ - INFO - [15, 1000] acc: 0.41450002789497375
2020-12-24 01:11:26,240 - __main__ - INFO - [16, 1000] loss: 1.661581132441759
2020-12-24 01:11:26,259 - __main__ - INFO - 设备号为: tensor([14, 13,  3, 48], device='cuda:0')，预测的设备号为:tensor([20, 13, 39, 48], device='cuda:0')
2020-12-24 01:11:26,260 - __main__ - INFO - [16, 1000] acc: 0.43575000762939453
2020-12-24 01:12:06,152 - __main__ - INFO - [17, 1000] loss: 1.6157223608493805
2020-12-24 01:12:06,171 - __main__ - INFO - 设备号为: tensor([20,  8, 27, 50], device='cuda:0')，预测的设备号为:tensor([19, 38, 39, 13], device='cuda:0')
2020-12-24 01:12:06,172 - __main__ - INFO - [17, 1000] acc: 0.44075003266334534
2020-12-24 01:12:46,030 - __main__ - INFO - [18, 1000] loss: 1.5234435946643352
2020-12-24 01:12:46,049 - __main__ - INFO - 设备号为: tensor([24, 46,  7,  8], device='cuda:0')，预测的设备号为:tensor([24, 15,  7,  8], device='cuda:0')
2020-12-24 01:12:46,050 - __main__ - INFO - [18, 1000] acc: 0.48100003600120544
2020-12-24 01:13:25,894 - __main__ - INFO - [19, 1000] loss: 1.47540541482158
2020-12-24 01:13:25,913 - __main__ - INFO - 设备号为: tensor([51, 49, 46, 33], device='cuda:0')，预测的设备号为:tensor([43, 13, 46, 31], device='cuda:0')
2020-12-24 01:13:25,914 - __main__ - INFO - [19, 1000] acc: 0.4897500276565552
2020-12-24 01:14:05,778 - __main__ - INFO - [20, 1000] loss: 1.4276951967440545
2020-12-24 01:14:05,797 - __main__ - INFO - 设备号为: tensor([21, 31, 15, 39], device='cuda:0')，预测的设备号为:tensor([51, 28, 46,  3], device='cuda:0')
2020-12-24 01:14:05,799 - __main__ - INFO - [20, 1000] acc: 0.503000020980835
2020-12-24 01:14:45,655 - __main__ - INFO - [21, 1000] loss: 1.3707315753996372
2020-12-24 01:14:45,674 - __main__ - INFO - 设备号为: tensor([25, 28, 48, 28], device='cuda:0')，预测的设备号为:tensor([32, 28, 48,  3], device='cuda:0')
2020-12-24 01:14:45,675 - __main__ - INFO - [21, 1000] acc: 0.5245000123977661
2020-12-24 01:15:25,356 - __main__ - INFO - [22, 1000] loss: 1.2998688249997794
2020-12-24 01:15:25,376 - __main__ - INFO - 设备号为: tensor([ 8, 19, 48,  3], device='cuda:0')，预测的设备号为:tensor([ 8, 19, 17,  3], device='cuda:0')
2020-12-24 01:15:25,378 - __main__ - INFO - [22, 1000] acc: 0.5437500476837158
2020-12-24 01:16:04,657 - __main__ - INFO - [23, 1000] loss: 1.2703883334249257
2020-12-24 01:16:04,676 - __main__ - INFO - 设备号为: tensor([35, 23, 34, 46], device='cuda:0')，预测的设备号为:tensor([35, 23, 34, 46], device='cuda:0')
2020-12-24 01:16:04,677 - __main__ - INFO - [23, 1000] acc: 0.5590000152587891
2020-12-24 01:16:44,476 - __main__ - INFO - [24, 1000] loss: 1.2109727058373392
2020-12-24 01:16:44,496 - __main__ - INFO - 设备号为: tensor([ 6, 43, 43,  1], device='cuda:0')，预测的设备号为:tensor([ 6, 43, 43,  1], device='cuda:0')
2020-12-24 01:16:44,497 - __main__ - INFO - [24, 1000] acc: 0.580750048160553
2020-12-24 01:17:24,371 - __main__ - INFO - [25, 1000] loss: 1.1853446552753448
2020-12-24 01:17:24,391 - __main__ - INFO - 设备号为: tensor([28, 37, 15, 12], device='cuda:0')，预测的设备号为:tensor([28, 37, 44, 12], device='cuda:0')
2020-12-24 01:17:24,392 - __main__ - INFO - [25, 1000] acc: 0.5750000476837158
2020-12-24 01:18:04,218 - __main__ - INFO - [26, 1000] loss: 1.153061595670879
2020-12-24 01:18:04,237 - __main__ - INFO - 设备号为: tensor([20, 36, 10, 39], device='cuda:0')，预测的设备号为:tensor([51, 36, 31, 39], device='cuda:0')
2020-12-24 01:18:04,238 - __main__ - INFO - [26, 1000] acc: 0.5972500443458557
2020-12-24 01:18:44,020 - __main__ - INFO - [27, 1000] loss: 1.1165172779932617
2020-12-24 01:18:44,039 - __main__ - INFO - 设备号为: tensor([ 3, 49, 14,  9], device='cuda:0')，预测的设备号为:tensor([ 3, 49, 14,  9], device='cuda:0')
2020-12-24 01:18:44,040 - __main__ - INFO - [27, 1000] acc: 0.6175000071525574
2020-12-24 01:19:23,928 - __main__ - INFO - [28, 1000] loss: 1.0887175340279938
2020-12-24 01:19:23,947 - __main__ - INFO - 设备号为: tensor([ 7, 15, 37, 18], device='cuda:0')，预测的设备号为:tensor([ 7, 15, 37, 20], device='cuda:0')
2020-12-24 01:19:23,948 - __main__ - INFO - [28, 1000] acc: 0.6197500228881836
2020-12-24 01:20:03,831 - __main__ - INFO - [29, 1000] loss: 1.0385799494683743
2020-12-24 01:20:03,851 - __main__ - INFO - 设备号为: tensor([40, 22, 31, 15], device='cuda:0')，预测的设备号为:tensor([50, 47, 31, 15], device='cuda:0')
2020-12-24 01:20:03,852 - __main__ - INFO - [29, 1000] acc: 0.6322500109672546
2020-12-24 01:20:43,666 - __main__ - INFO - [30, 1000] loss: 1.0168375850077718
2020-12-24 01:20:43,685 - __main__ - INFO - 设备号为: tensor([23, 29, 33, 17], device='cuda:0')，预测的设备号为:tensor([16, 29, 33, 17], device='cuda:0')
2020-12-24 01:20:43,686 - __main__ - INFO - [30, 1000] acc: 0.6512500047683716
2020-12-24 01:21:23,286 - __main__ - INFO - [31, 1000] loss: 1.006146718407981
2020-12-24 01:21:23,305 - __main__ - INFO - 设备号为: tensor([39, 53, 32, 39], device='cuda:0')，预测的设备号为:tensor([39, 52, 32, 39], device='cuda:0')
2020-12-24 01:21:23,307 - __main__ - INFO - [31, 1000] acc: 0.643250048160553
2020-12-24 01:22:03,236 - __main__ - INFO - [32, 1000] loss: 0.9628707200922072
2020-12-24 01:22:03,255 - __main__ - INFO - 设备号为: tensor([14, 26, 42, 16], device='cuda:0')，预测的设备号为:tensor([20, 10, 42, 14], device='cuda:0')
2020-12-24 01:22:03,256 - __main__ - INFO - [32, 1000] acc: 0.6547500491142273
2020-12-24 01:22:43,020 - __main__ - INFO - [33, 1000] loss: 0.9439490700499155
2020-12-24 01:22:43,039 - __main__ - INFO - 设备号为: tensor([44, 45, 15, 39], device='cuda:0')，预测的设备号为:tensor([15, 45, 15, 34], device='cuda:0')
2020-12-24 01:22:43,040 - __main__ - INFO - [33, 1000] acc: 0.6697500348091125
2020-12-24 01:23:22,756 - __main__ - INFO - [34, 1000] loss: 0.9460039878487587
2020-12-24 01:23:22,775 - __main__ - INFO - 设备号为: tensor([40, 17, 15, 38], device='cuda:0')，预测的设备号为:tensor([40, 17, 15, 10], device='cuda:0')
2020-12-24 01:23:22,776 - __main__ - INFO - [34, 1000] acc: 0.6665000319480896
2020-12-24 01:24:02,634 - __main__ - INFO - [35, 1000] loss: 0.9041834059627727
2020-12-24 01:24:02,653 - __main__ - INFO - 设备号为: tensor([ 1, 47, 46, 40], device='cuda:0')，预测的设备号为:tensor([ 1, 51, 46, 18], device='cuda:0')
2020-12-24 01:24:02,654 - __main__ - INFO - [35, 1000] acc: 0.6812500357627869
2020-12-24 01:24:42,594 - __main__ - INFO - [36, 1000] loss: 0.8558947370229288
2020-12-24 01:24:42,613 - __main__ - INFO - 设备号为: tensor([47, 35, 10, 52], device='cuda:0')，预测的设备号为:tensor([16, 35, 25, 52], device='cuda:0')
2020-12-24 01:24:42,614 - __main__ - INFO - [36, 1000] acc: 0.6942500472068787
2020-12-24 01:25:22,449 - __main__ - INFO - [37, 1000] loss: 0.8632340314430185
2020-12-24 01:25:22,469 - __main__ - INFO - 设备号为: tensor([ 9, 13,  3,  3], device='cuda:0')，预测的设备号为:tensor([10, 13,  3, 25], device='cuda:0')
2020-12-24 01:25:22,470 - __main__ - INFO - [37, 1000] acc: 0.6917500495910645
2020-12-24 01:26:02,299 - __main__ - INFO - [38, 1000] loss: 0.8097276382287965
2020-12-24 01:26:02,318 - __main__ - INFO - 设备号为: tensor([18, 39,  1, 37], device='cuda:0')，预测的设备号为:tensor([18, 39,  1, 37], device='cuda:0')
2020-12-24 01:26:02,319 - __main__ - INFO - [38, 1000] acc: 0.7092500329017639
2020-12-24 01:26:41,775 - __main__ - INFO - [39, 1000] loss: 0.8364203635537997
2020-12-24 01:26:41,795 - __main__ - INFO - 设备号为: tensor([ 9, 27, 50, 15], device='cuda:0')，预测的设备号为:tensor([ 9, 27, 50, 15], device='cuda:0')
2020-12-24 01:26:41,796 - __main__ - INFO - [39, 1000] acc: 0.6990000605583191
2020-12-24 01:27:21,616 - __main__ - INFO - [40, 1000] loss: 0.8017543728786987
2020-12-24 01:27:21,636 - __main__ - INFO - 设备号为: tensor([ 4, 21, 53,  7], device='cuda:0')，预测的设备号为:tensor([ 4, 40, 53,  7], device='cuda:0')
2020-12-24 01:27:21,637 - __main__ - INFO - [40, 1000] acc: 0.7120000123977661
2020-12-24 01:28:01,476 - __main__ - INFO - [41, 1000] loss: 0.7701936547447985
2020-12-24 01:28:01,495 - __main__ - INFO - 设备号为: tensor([39,  9, 47,  2], device='cuda:0')，预测的设备号为:tensor([11,  9, 47,  4], device='cuda:0')
2020-12-24 01:28:01,496 - __main__ - INFO - [41, 1000] acc: 0.7232500314712524
2020-12-24 01:28:41,362 - __main__ - INFO - [42, 1000] loss: 0.762572970581241
2020-12-24 01:28:41,381 - __main__ - INFO - 设备号为: tensor([53, 33, 15, 39], device='cuda:0')，预测的设备号为:tensor([53, 38, 15, 39], device='cuda:0')
2020-12-24 01:28:41,382 - __main__ - INFO - [42, 1000] acc: 0.7325000166893005
2020-12-24 01:29:20,794 - __main__ - INFO - [43, 1000] loss: 0.7516784008806572
2020-12-24 01:29:20,814 - __main__ - INFO - 设备号为: tensor([44, 32, 24, 52], device='cuda:0')，预测的设备号为:tensor([15, 32, 24, 52], device='cuda:0')
2020-12-24 01:29:20,815 - __main__ - INFO - [43, 1000] acc: 0.7307500243186951
2020-12-24 01:30:00,595 - __main__ - INFO - [44, 1000] loss: 0.7467323490362032
2020-12-24 01:30:00,615 - __main__ - INFO - 设备号为: tensor([44, 30, 24,  0], device='cuda:0')，预测的设备号为:tensor([44, 30, 24,  0], device='cuda:0')
2020-12-24 01:30:00,616 - __main__ - INFO - [44, 1000] acc: 0.7305000424385071
2020-12-24 01:30:40,353 - __main__ - INFO - [45, 1000] loss: 0.6977889603611548
2020-12-24 01:30:40,372 - __main__ - INFO - 设备号为: tensor([42, 20, 52, 52], device='cuda:0')，预测的设备号为:tensor([42, 41, 52, 45], device='cuda:0')
2020-12-24 01:30:40,373 - __main__ - INFO - [45, 1000] acc: 0.7480000257492065
2020-12-24 01:31:20,220 - __main__ - INFO - [46, 1000] loss: 0.670097783002886
2020-12-24 01:31:20,239 - __main__ - INFO - 设备号为: tensor([10, 27, 18, 19], device='cuda:0')，预测的设备号为:tensor([10, 27, 22, 19], device='cuda:0')
2020-12-24 01:31:20,240 - __main__ - INFO - [46, 1000] acc: 0.7572500109672546
2020-12-24 01:32:00,109 - __main__ - INFO - [47, 1000] loss: 0.6858540378808975
2020-12-24 01:32:00,128 - __main__ - INFO - 设备号为: tensor([43, 11, 24, 48], device='cuda:0')，预测的设备号为:tensor([43, 11, 24, 48], device='cuda:0')
2020-12-24 01:32:00,129 - __main__ - INFO - [47, 1000] acc: 0.7477500438690186
2020-12-24 01:32:39,999 - __main__ - INFO - [48, 1000] loss: 0.6745641702201683
2020-12-24 01:32:40,018 - __main__ - INFO - 设备号为: tensor([25, 42, 47,  5], device='cuda:0')，预测的设备号为:tensor([ 3, 42, 43,  8], device='cuda:0')
2020-12-24 01:32:40,019 - __main__ - INFO - [48, 1000] acc: 0.7545000314712524
2020-12-24 01:33:19,871 - __main__ - INFO - [49, 1000] loss: 0.6658077145153657
2020-12-24 01:33:19,891 - __main__ - INFO - 设备号为: tensor([36, 17, 33, 40], device='cuda:0')，预测的设备号为:tensor([36, 17, 33, 51], device='cuda:0')
2020-12-24 01:33:19,892 - __main__ - INFO - [49, 1000] acc: 0.7500000596046448
2020-12-24 01:33:59,761 - __main__ - INFO - [50, 1000] loss: 0.614072939414531
2020-12-24 01:33:59,780 - __main__ - INFO - 设备号为: tensor([ 9, 10,  7,  0], device='cuda:0')，预测的设备号为:tensor([38, 10,  7,  0], device='cuda:0')
2020-12-24 01:33:59,781 - __main__ - INFO - [50, 1000] acc: 0.7797500491142273
2020-12-24 01:34:39,639 - __main__ - INFO - [51, 1000] loss: 0.6054813231129665
2020-12-24 01:34:39,659 - __main__ - INFO - 设备号为: tensor([ 3, 48, 39, 52], device='cuda:0')，预测的设备号为:tensor([ 3, 48, 39, 52], device='cuda:0')
2020-12-24 01:34:39,660 - __main__ - INFO - [51, 1000] acc: 0.7785000205039978
2020-12-24 01:35:19,556 - __main__ - INFO - [52, 1000] loss: 0.6161580969204661
2020-12-24 01:35:19,575 - __main__ - INFO - 设备号为: tensor([43, 41, 18, 26], device='cuda:0')，预测的设备号为:tensor([47, 51, 18, 26], device='cuda:0')
2020-12-24 01:35:19,577 - __main__ - INFO - [52, 1000] acc: 0.7737500071525574
2020-12-24 01:35:59,461 - __main__ - INFO - [53, 1000] loss: 0.6086133868680336
2020-12-24 01:35:59,480 - __main__ - INFO - 设备号为: tensor([18, 45, 37, 19], device='cuda:0')，预测的设备号为:tensor([20, 45, 37, 19], device='cuda:0')
2020-12-24 01:35:59,481 - __main__ - INFO - [53, 1000] acc: 0.7825000286102295
2020-12-24 01:36:39,367 - __main__ - INFO - [54, 1000] loss: 0.5907556574651971
2020-12-24 01:36:39,386 - __main__ - INFO - 设备号为: tensor([10, 38, 53, 32], device='cuda:0')，预测的设备号为:tensor([10,  8, 53, 32], device='cuda:0')
2020-12-24 01:36:39,387 - __main__ - INFO - [54, 1000] acc: 0.7832500338554382
2020-12-24 01:37:19,344 - __main__ - INFO - [55, 1000] loss: 0.5863681118822424
2020-12-24 01:37:19,363 - __main__ - INFO - 设备号为: tensor([44, 43, 21,  4], device='cuda:0')，预测的设备号为:tensor([44, 43, 21,  4], device='cuda:0')
2020-12-24 01:37:19,364 - __main__ - INFO - [55, 1000] acc: 0.7897500395774841
2020-12-24 01:37:58,992 - __main__ - INFO - [56, 1000] loss: 0.5325873579059262
2020-12-24 01:37:59,012 - __main__ - INFO - 设备号为: tensor([19,  3, 46, 38], device='cuda:0')，预测的设备号为:tensor([22, 39, 46, 38], device='cuda:0')
2020-12-24 01:37:59,013 - __main__ - INFO - [56, 1000] acc: 0.8082500100135803
2020-12-24 01:38:38,860 - __main__ - INFO - [57, 1000] loss: 0.5294059817014495
2020-12-24 01:38:38,879 - __main__ - INFO - 设备号为: tensor([37, 41,  4, 49], device='cuda:0')，预测的设备号为:tensor([37, 40,  4, 40], device='cuda:0')
2020-12-24 01:38:38,880 - __main__ - INFO - [57, 1000] acc: 0.8072500228881836
2020-12-24 01:39:18,747 - __main__ - INFO - [58, 1000] loss: 0.5315652691866272
2020-12-24 01:39:18,766 - __main__ - INFO - 设备号为: tensor([42, 29, 49, 42], device='cuda:0')，预测的设备号为:tensor([42, 29, 50, 42], device='cuda:0')
2020-12-24 01:39:18,767 - __main__ - INFO - [58, 1000] acc: 0.8030000329017639
2020-12-24 01:39:58,646 - __main__ - INFO - [59, 1000] loss: 0.5024628848834837
2020-12-24 01:39:58,665 - __main__ - INFO - 设备号为: tensor([44,  3,  6, 11], device='cuda:0')，预测的设备号为:tensor([44,  3,  6, 11], device='cuda:0')
2020-12-24 01:39:58,666 - __main__ - INFO - [59, 1000] acc: 0.8207500576972961
2020-12-24 01:40:38,118 - __main__ - INFO - [60, 1000] loss: 0.5145889445281354
2020-12-24 01:40:38,138 - __main__ - INFO - 设备号为: tensor([25,  2, 49, 15], device='cuda:0')，预测的设备号为:tensor([25,  2, 49, 53], device='cuda:0')
2020-12-24 01:40:38,139 - __main__ - INFO - [60, 1000] acc: 0.8177500367164612
2020-12-24 01:41:17,987 - __main__ - INFO - [61, 1000] loss: 0.49557627833844164
2020-12-24 01:41:18,006 - __main__ - INFO - 设备号为: tensor([21,  1, 48,  1], device='cuda:0')，预测的设备号为:tensor([21,  1, 48,  1], device='cuda:0')
2020-12-24 01:41:18,007 - __main__ - INFO - [61, 1000] acc: 0.8177500367164612
2020-12-24 01:41:57,854 - __main__ - INFO - [62, 1000] loss: 0.47574519486917416
2020-12-24 01:41:57,873 - __main__ - INFO - 设备号为: tensor([16, 29, 51, 34], device='cuda:0')，预测的设备号为:tensor([14, 29, 41, 34], device='cuda:0')
2020-12-24 01:41:57,875 - __main__ - INFO - [62, 1000] acc: 0.8372500538825989
2020-12-24 01:42:37,601 - __main__ - INFO - [63, 1000] loss: 0.44714644636405865
2020-12-24 01:42:37,620 - __main__ - INFO - 设备号为: tensor([ 5, 25, 24, 12], device='cuda:0')，预测的设备号为:tensor([ 5, 25, 24, 12], device='cuda:0')
2020-12-24 01:42:37,621 - __main__ - INFO - [63, 1000] acc: 0.8385000228881836
2020-12-24 01:43:17,433 - __main__ - INFO - [64, 1000] loss: 0.44314379679143895
2020-12-24 01:43:17,452 - __main__ - INFO - 设备号为: tensor([45,  5,  7, 15], device='cuda:0')，预测的设备号为:tensor([45,  5,  7, 15], device='cuda:0')
2020-12-24 01:43:17,453 - __main__ - INFO - [64, 1000] acc: 0.8400000333786011
2020-12-24 01:43:57,276 - __main__ - INFO - [65, 1000] loss: 0.4405179551849724
2020-12-24 01:43:57,295 - __main__ - INFO - 设备号为: tensor([ 0,  1, 51, 41], device='cuda:0')，预测的设备号为:tensor([ 0,  1, 16, 40], device='cuda:0')
2020-12-24 01:43:57,296 - __main__ - INFO - [65, 1000] acc: 0.8395000696182251
2020-12-24 01:44:37,144 - __main__ - INFO - [66, 1000] loss: 0.42028802391252246
2020-12-24 01:44:37,163 - __main__ - INFO - 设备号为: tensor([18, 32, 37, 36], device='cuda:0')，预测的设备号为:tensor([18, 32, 37, 36], device='cuda:0')
2020-12-24 01:44:37,164 - __main__ - INFO - [66, 1000] acc: 0.846500039100647
2020-12-24 01:45:17,009 - __main__ - INFO - [67, 1000] loss: 0.4357426407497842
2020-12-24 01:45:17,029 - __main__ - INFO - 设备号为: tensor([41, 29, 38, 38], device='cuda:0')，预测的设备号为:tensor([40, 29, 38, 38], device='cuda:0')
2020-12-24 01:45:17,030 - __main__ - INFO - [67, 1000] acc: 0.8485000133514404
2020-12-24 01:45:56,893 - __main__ - INFO - [68, 1000] loss: 0.38756746902885786
2020-12-24 01:45:56,912 - __main__ - INFO - 设备号为: tensor([20,  8, 31, 23], device='cuda:0')，预测的设备号为:tensor([14, 10, 31, 23], device='cuda:0')
2020-12-24 01:45:56,913 - __main__ - INFO - [68, 1000] acc: 0.8630000352859497
2020-12-24 01:46:36,773 - __main__ - INFO - [69, 1000] loss: 0.3767813292514038
2020-12-24 01:46:36,793 - __main__ - INFO - 设备号为: tensor([52, 31,  5, 31], device='cuda:0')，预测的设备号为:tensor([53, 31,  5, 31], device='cuda:0')
2020-12-24 01:46:36,794 - __main__ - INFO - [69, 1000] acc: 0.8597500324249268
2020-12-24 01:47:16,646 - __main__ - INFO - [70, 1000] loss: 0.3866092040927615
2020-12-24 01:47:16,665 - __main__ - INFO - 设备号为: tensor([ 7, 33, 45, 51], device='cuda:0')，预测的设备号为:tensor([ 7, 38, 45, 50], device='cuda:0')
2020-12-24 01:47:16,666 - __main__ - INFO - [70, 1000] acc: 0.8602500557899475
2020-12-24 01:47:56,567 - __main__ - INFO - [71, 1000] loss: 0.3494915184974234
2020-12-24 01:47:56,586 - __main__ - INFO - 设备号为: tensor([27, 50, 47, 18], device='cuda:0')，预测的设备号为:tensor([ 7, 50, 47, 18], device='cuda:0')
2020-12-24 01:47:56,588 - __main__ - INFO - [71, 1000] acc: 0.874750018119812
2020-12-24 01:48:36,439 - __main__ - INFO - [72, 1000] loss: 0.3833947233575891
2020-12-24 01:48:36,458 - __main__ - INFO - 设备号为: tensor([29, 16, 13, 34], device='cuda:0')，预测的设备号为:tensor([29, 16, 13, 34], device='cuda:0')
2020-12-24 01:48:36,459 - __main__ - INFO - [72, 1000] acc: 0.8575000166893005
2020-12-24 01:49:15,939 - __main__ - INFO - [73, 1000] loss: 0.3787107164945264
2020-12-24 01:49:15,958 - __main__ - INFO - 设备号为: tensor([52, 18, 18, 39], device='cuda:0')，预测的设备号为:tensor([52, 18, 18, 39], device='cuda:0')
2020-12-24 01:49:15,959 - __main__ - INFO - [73, 1000] acc: 0.8672500252723694
2020-12-24 01:49:55,774 - __main__ - INFO - [74, 1000] loss: 0.35537926037184664
2020-12-24 01:49:55,793 - __main__ - INFO - 设备号为: tensor([ 3, 21, 45, 42], device='cuda:0')，预测的设备号为:tensor([ 3, 51, 45, 42], device='cuda:0')
2020-12-24 01:49:55,794 - __main__ - INFO - [74, 1000] acc: 0.8712500333786011
2020-12-24 01:50:35,623 - __main__ - INFO - [75, 1000] loss: 0.3245157978865027
2020-12-24 01:50:35,642 - __main__ - INFO - 设备号为: tensor([21, 10, 13,  1], device='cuda:0')，预测的设备号为:tensor([21, 10, 13,  1], device='cuda:0')
2020-12-24 01:50:35,643 - __main__ - INFO - [75, 1000] acc: 0.8810000419616699
2020-12-24 01:51:15,490 - __main__ - INFO - [76, 1000] loss: 0.32419701025683023
2020-12-24 01:51:15,509 - __main__ - INFO - 设备号为: tensor([53, 26, 13,  3], device='cuda:0')，预测的设备号为:tensor([53, 26, 13,  3], device='cuda:0')
2020-12-24 01:51:15,510 - __main__ - INFO - [76, 1000] acc: 0.8840000629425049
2020-12-24 01:51:55,442 - __main__ - INFO - [77, 1000] loss: 0.2808662425989969
2020-12-24 01:51:55,461 - __main__ - INFO - 设备号为: tensor([39,  8, 22, 12], device='cuda:0')，预测的设备号为:tensor([39,  8, 22, 12], device='cuda:0')
2020-12-24 01:51:55,462 - __main__ - INFO - [77, 1000] acc: 0.9000000357627869
2020-12-24 01:52:35,318 - __main__ - INFO - [78, 1000] loss: 0.2879154137502192
2020-12-24 01:52:35,337 - __main__ - INFO - 设备号为: tensor([15, 30, 33, 11], device='cuda:0')，预测的设备号为:tensor([12, 30, 33, 11], device='cuda:0')
2020-12-24 01:52:35,338 - __main__ - INFO - [78, 1000] acc: 0.8987500667572021
2020-12-24 01:53:14,933 - __main__ - INFO - [79, 1000] loss: 0.2941777843898744
2020-12-24 01:53:14,952 - __main__ - INFO - 设备号为: tensor([23, 20,  7, 18], device='cuda:0')，预测的设备号为:tensor([23, 22,  7, 18], device='cuda:0')
2020-12-24 01:53:14,953 - __main__ - INFO - [79, 1000] acc: 0.8950000405311584
2020-12-24 01:53:54,837 - __main__ - INFO - [80, 1000] loss: 0.26802758062391147
2020-12-24 01:53:54,856 - __main__ - INFO - 设备号为: tensor([50, 13,  1, 36], device='cuda:0')，预测的设备号为:tensor([50, 13,  1, 36], device='cuda:0')
2020-12-24 01:53:54,857 - __main__ - INFO - [80, 1000] acc: 0.9010000228881836
2020-12-24 01:54:34,669 - __main__ - INFO - [81, 1000] loss: 0.27473778975149615
2020-12-24 01:54:34,688 - __main__ - INFO - 设备号为: tensor([15, 21, 32,  4], device='cuda:0')，预测的设备号为:tensor([15, 21, 32,  4], device='cuda:0')
2020-12-24 01:54:34,690 - __main__ - INFO - [81, 1000] acc: 0.9025000333786011
2020-12-24 01:55:14,562 - __main__ - INFO - [82, 1000] loss: 0.26488601792830296
2020-12-24 01:55:14,582 - __main__ - INFO - 设备号为: tensor([41,  2, 42, 47], device='cuda:0')，预测的设备号为:tensor([18,  2, 42, 22], device='cuda:0')
2020-12-24 01:55:14,583 - __main__ - INFO - [82, 1000] acc: 0.905500054359436
2020-12-24 01:55:54,493 - __main__ - INFO - [83, 1000] loss: 0.26856841496768175
2020-12-24 01:55:54,512 - __main__ - INFO - 设备号为: tensor([51, 35, 30, 32], device='cuda:0')，预测的设备号为:tensor([51, 35, 30, 32], device='cuda:0')
2020-12-24 01:55:54,514 - __main__ - INFO - [83, 1000] acc: 0.9045000672340393
2020-12-24 01:56:34,407 - __main__ - INFO - [84, 1000] loss: 0.24667093650839525
2020-12-24 01:56:34,426 - __main__ - INFO - 设备号为: tensor([32,  0, 49,  0], device='cuda:0')，预测的设备号为:tensor([25,  0, 49,  0], device='cuda:0')
2020-12-24 01:56:34,427 - __main__ - INFO - [84, 1000] acc: 0.9130000472068787
2020-12-24 01:57:14,278 - __main__ - INFO - [85, 1000] loss: 0.24387880559313635
2020-12-24 01:57:14,297 - __main__ - INFO - 设备号为: tensor([21, 34, 14, 19], device='cuda:0')，预测的设备号为:tensor([21, 34, 14, 16], device='cuda:0')
2020-12-24 01:57:14,298 - __main__ - INFO - [85, 1000] acc: 0.9115000367164612
2020-12-24 01:57:54,127 - __main__ - INFO - [86, 1000] loss: 0.22180334368594776
2020-12-24 01:57:54,146 - __main__ - INFO - 设备号为: tensor([42, 10, 38, 14], device='cuda:0')，预测的设备号为:tensor([42, 10, 38, 14], device='cuda:0')
2020-12-24 01:57:54,147 - __main__ - INFO - [86, 1000] acc: 0.9237500429153442
2020-12-24 01:58:33,944 - __main__ - INFO - [87, 1000] loss: 0.21867999619191322
2020-12-24 01:58:33,963 - __main__ - INFO - 设备号为: tensor([43,  3, 41,  9], device='cuda:0')，预测的设备号为:tensor([35,  3, 51, 38], device='cuda:0')
2020-12-24 01:58:33,964 - __main__ - INFO - [87, 1000] acc: 0.9205000400543213
2020-12-24 01:59:13,822 - __main__ - INFO - [88, 1000] loss: 0.21014117039616032
2020-12-24 01:59:13,841 - __main__ - INFO - 设备号为: tensor([13,  8, 17, 48], device='cuda:0')，预测的设备号为:tensor([ 2,  8, 17, 48], device='cuda:0')
2020-12-24 01:59:13,842 - __main__ - INFO - [88, 1000] acc: 0.9207500219345093
2020-12-24 01:59:53,696 - __main__ - INFO - [89, 1000] loss: 0.19214288585983377
2020-12-24 01:59:53,715 - __main__ - INFO - 设备号为: tensor([ 3, 14, 52, 28], device='cuda:0')，预测的设备号为:tensor([27, 14, 52, 28], device='cuda:0')
2020-12-24 01:59:53,716 - __main__ - INFO - [89, 1000] acc: 0.9315000176429749
2020-12-24 02:00:33,499 - __main__ - INFO - [90, 1000] loss: 0.19159521851606406
2020-12-24 02:00:33,518 - __main__ - INFO - 设备号为: tensor([48, 24, 17, 13], device='cuda:0')，预测的设备号为:tensor([48, 24, 17, 13], device='cuda:0')
2020-12-24 02:00:33,520 - __main__ - INFO - [90, 1000] acc: 0.9312500357627869
2020-12-24 02:01:13,335 - __main__ - INFO - [91, 1000] loss: 0.19030083071309764
2020-12-24 02:01:13,355 - __main__ - INFO - 设备号为: tensor([43, 45, 49, 31], device='cuda:0')，预测的设备号为:tensor([43, 45, 49, 31], device='cuda:0')
2020-12-24 02:01:13,356 - __main__ - INFO - [91, 1000] acc: 0.9340000152587891
2020-12-24 02:01:53,180 - __main__ - INFO - [92, 1000] loss: 0.17819785629810553
2020-12-24 02:01:53,199 - __main__ - INFO - 设备号为: tensor([14, 11, 26, 32], device='cuda:0')，预测的设备号为:tensor([16, 11, 26, 32], device='cuda:0')
2020-12-24 02:01:53,200 - __main__ - INFO - [92, 1000] acc: 0.940000057220459
2020-12-24 02:02:33,049 - __main__ - INFO - [93, 1000] loss: 0.18672161281463195
2020-12-24 02:02:33,068 - __main__ - INFO - 设备号为: tensor([50, 37, 35, 41], device='cuda:0')，预测的设备号为:tensor([49, 37, 35, 41], device='cuda:0')
2020-12-24 02:02:33,069 - __main__ - INFO - [93, 1000] acc: 0.9337500333786011
2020-12-24 02:03:12,856 - __main__ - INFO - [94, 1000] loss: 0.168170143097831
2020-12-24 02:03:12,876 - __main__ - INFO - 设备号为: tensor([19, 53, 48, 53], device='cuda:0')，预测的设备号为:tensor([19, 53, 48, 53], device='cuda:0')
2020-12-24 02:03:12,877 - __main__ - INFO - [94, 1000] acc: 0.9407500624656677
2020-12-24 02:03:52,607 - __main__ - INFO - [95, 1000] loss: 0.15902097107751978
2020-12-24 02:03:52,626 - __main__ - INFO - 设备号为: tensor([ 4, 53, 51, 50], device='cuda:0')，预测的设备号为:tensor([ 4, 53, 16, 50], device='cuda:0')
2020-12-24 02:03:52,628 - __main__ - INFO - [95, 1000] acc: 0.9442500472068787
2020-12-24 02:04:32,482 - __main__ - INFO - [96, 1000] loss: 0.13675729247939672
2020-12-24 02:04:32,501 - __main__ - INFO - 设备号为: tensor([ 9, 35, 42, 12], device='cuda:0')，预测的设备号为:tensor([ 9, 35, 42, 12], device='cuda:0')
2020-12-24 02:04:32,502 - __main__ - INFO - [96, 1000] acc: 0.9552500247955322
2020-12-24 02:05:12,308 - __main__ - INFO - [97, 1000] loss: 0.12635884646563136
2020-12-24 02:05:12,327 - __main__ - INFO - 设备号为: tensor([28, 49, 47, 22], device='cuda:0')，预测的设备号为:tensor([28, 49, 47, 22], device='cuda:0')
2020-12-24 02:05:12,329 - __main__ - INFO - [97, 1000] acc: 0.9592500329017639
2020-12-24 02:05:52,154 - __main__ - INFO - [98, 1000] loss: 0.13408096187165391
2020-12-24 02:05:52,173 - __main__ - INFO - 设备号为: tensor([42, 44, 17, 51], device='cuda:0')，预测的设备号为:tensor([42, 44, 17, 51], device='cuda:0')
2020-12-24 02:05:52,174 - __main__ - INFO - [98, 1000] acc: 0.9537500739097595
2020-12-24 02:06:32,032 - __main__ - INFO - [99, 1000] loss: 0.14697410665877989
2020-12-24 02:06:32,054 - __main__ - INFO - 设备号为: tensor([ 3,  5, 44, 26], device='cuda:0')，预测的设备号为:tensor([ 3,  5, 44, 26], device='cuda:0')
2020-12-24 02:06:32,055 - __main__ - INFO - [99, 1000] acc: 0.9472500681877136
2020-12-24 02:07:11,918 - __main__ - INFO - [100, 1000] loss: 0.13515377471607054
2020-12-24 02:07:11,937 - __main__ - INFO - 设备号为: tensor([21, 29, 39, 14], device='cuda:0')，预测的设备号为:tensor([21, 29, 39, 14], device='cuda:0')
2020-12-24 02:07:11,938 - __main__ - INFO - [100, 1000] acc: 0.956000030040741
2020-12-24 02:07:51,798 - __main__ - INFO - [101, 1000] loss: 0.14600486566933704
2020-12-24 02:07:51,817 - __main__ - INFO - 设备号为: tensor([13,  7, 11, 40], device='cuda:0')，预测的设备号为:tensor([13,  7, 11, 40], device='cuda:0')
2020-12-24 02:07:51,818 - __main__ - INFO - [101, 1000] acc: 0.9490000605583191
2020-12-24 02:08:31,730 - __main__ - INFO - [102, 1000] loss: 0.1261544415924905
2020-12-24 02:08:31,749 - __main__ - INFO - 设备号为: tensor([15, 37, 23, 16], device='cuda:0')，预测的设备号为:tensor([15, 37, 23, 40], device='cuda:0')
2020-12-24 02:08:31,751 - __main__ - INFO - [102, 1000] acc: 0.9552500247955322
2020-12-24 02:09:11,530 - __main__ - INFO - [103, 1000] loss: 0.12643199261488122
2020-12-24 02:09:11,549 - __main__ - INFO - 设备号为: tensor([ 9,  1, 48, 39], device='cuda:0')，预测的设备号为:tensor([ 9,  1, 48, 39], device='cuda:0')
2020-12-24 02:09:11,550 - __main__ - INFO - [103, 1000] acc: 0.9582500457763672
2020-12-24 02:09:51,313 - __main__ - INFO - [104, 1000] loss: 0.10018588210208326
2020-12-24 02:09:51,332 - __main__ - INFO - 设备号为: tensor([40, 19, 26, 33], device='cuda:0')，预测的设备号为:tensor([40, 22, 26, 33], device='cuda:0')
2020-12-24 02:09:51,333 - __main__ - INFO - [104, 1000] acc: 0.9687500596046448
2020-12-24 02:10:31,156 - __main__ - INFO - [105, 1000] loss: 0.10268377355781923
2020-12-24 02:10:31,175 - __main__ - INFO - 设备号为: tensor([28, 43, 17, 50], device='cuda:0')，预测的设备号为:tensor([43, 43, 17, 50], device='cuda:0')
2020-12-24 02:10:31,176 - __main__ - INFO - [105, 1000] acc: 0.9652500748634338
2020-12-24 02:11:11,039 - __main__ - INFO - [106, 1000] loss: 0.09022567227106537
2020-12-24 02:11:11,058 - __main__ - INFO - 设备号为: tensor([12, 32, 41, 12], device='cuda:0')，预测的设备号为:tensor([12, 32, 41, 12], device='cuda:0')
2020-12-24 02:11:11,059 - __main__ - INFO - [106, 1000] acc: 0.9720000624656677
2020-12-24 02:11:50,831 - __main__ - INFO - [107, 1000] loss: 0.10246793872730268
2020-12-24 02:11:50,850 - __main__ - INFO - 设备号为: tensor([37, 34, 42, 30], device='cuda:0')，预测的设备号为:tensor([37, 34, 42, 30], device='cuda:0')
2020-12-24 02:11:50,851 - __main__ - INFO - [107, 1000] acc: 0.9647500514984131
2020-12-24 02:12:30,688 - __main__ - INFO - [108, 1000] loss: 0.09486753671281986
2020-12-24 02:12:30,707 - __main__ - INFO - 设备号为: tensor([29, 34, 52,  1], device='cuda:0')，预测的设备号为:tensor([29, 34, 52,  1], device='cuda:0')
2020-12-24 02:12:30,708 - __main__ - INFO - [108, 1000] acc: 0.9725000262260437
2020-12-24 02:13:10,521 - __main__ - INFO - [109, 1000] loss: 0.09417534566596487
2020-12-24 02:13:10,540 - __main__ - INFO - 设备号为: tensor([38, 22, 20, 28], device='cuda:0')，预测的设备号为:tensor([38, 22, 20, 28], device='cuda:0')
2020-12-24 02:13:10,541 - __main__ - INFO - [109, 1000] acc: 0.968500018119812
2020-12-24 02:13:50,445 - __main__ - INFO - [110, 1000] loss: 0.08342516430753949
2020-12-24 02:13:50,464 - __main__ - INFO - 设备号为: tensor([ 6,  2, 48, 46], device='cuda:0')，预测的设备号为:tensor([ 6,  2, 48, 46], device='cuda:0')
2020-12-24 02:13:50,465 - __main__ - INFO - [110, 1000] acc: 0.9727500677108765
2020-12-24 02:14:30,273 - __main__ - INFO - [111, 1000] loss: 0.07428443815361242
2020-12-24 02:14:30,292 - __main__ - INFO - 设备号为: tensor([37, 10, 49, 44], device='cuda:0')，预测的设备号为:tensor([37, 10, 49, 46], device='cuda:0')
2020-12-24 02:14:30,293 - __main__ - INFO - [111, 1000] acc: 0.9757500290870667
2020-12-24 02:15:10,193 - __main__ - INFO - [112, 1000] loss: 0.08625461892706156
2020-12-24 02:15:10,212 - __main__ - INFO - 设备号为: tensor([20, 50, 23, 43], device='cuda:0')，预测的设备号为:tensor([20, 50, 23, 43], device='cuda:0')
2020-12-24 02:15:10,213 - __main__ - INFO - [112, 1000] acc: 0.9755000472068787
2020-12-24 02:15:50,118 - __main__ - INFO - [113, 1000] loss: 0.06495892759069057
2020-12-24 02:15:50,137 - __main__ - INFO - 设备号为: tensor([27, 29, 25, 29], device='cuda:0')，预测的设备号为:tensor([27, 29, 25, 29], device='cuda:0')
2020-12-24 02:15:50,139 - __main__ - INFO - [113, 1000] acc: 0.9792500734329224
2020-12-24 02:16:29,684 - __main__ - INFO - [114, 1000] loss: 0.0884043637903361
2020-12-24 02:16:29,704 - __main__ - INFO - 设备号为: tensor([ 8, 33, 24, 31], device='cuda:0')，预测的设备号为:tensor([ 8, 33, 24, 31], device='cuda:0')
2020-12-24 02:16:29,705 - __main__ - INFO - [114, 1000] acc: 0.971250057220459
2020-12-24 02:17:09,632 - __main__ - INFO - [115, 1000] loss: 0.08293412783551145
2020-12-24 02:17:09,651 - __main__ - INFO - 设备号为: tensor([48, 50, 21, 44], device='cuda:0')，预测的设备号为:tensor([48, 50, 21, 44], device='cuda:0')
2020-12-24 02:17:09,652 - __main__ - INFO - [115, 1000] acc: 0.9720000624656677
2020-12-24 02:17:49,472 - __main__ - INFO - [116, 1000] loss: 0.07017639145699558
2020-12-24 02:17:49,491 - __main__ - INFO - 设备号为: tensor([29, 47, 46, 32], device='cuda:0')，预测的设备号为:tensor([29, 47, 46, 32], device='cuda:0')
2020-12-24 02:17:49,492 - __main__ - INFO - [116, 1000] acc: 0.9785000681877136
2020-12-24 02:18:29,442 - __main__ - INFO - [117, 1000] loss: 0.06345614264284558
2020-12-24 02:18:29,461 - __main__ - INFO - 设备号为: tensor([ 9, 41, 48, 51], device='cuda:0')，预测的设备号为:tensor([ 9, 41, 48, 41], device='cuda:0')
2020-12-24 02:18:29,462 - __main__ - INFO - [117, 1000] acc: 0.9802500605583191
2020-12-24 02:19:09,350 - __main__ - INFO - [118, 1000] loss: 0.06825372692089604
2020-12-24 02:19:09,369 - __main__ - INFO - 设备号为: tensor([38,  9, 11,  2], device='cuda:0')，预测的设备号为:tensor([38,  9, 11,  2], device='cuda:0')
2020-12-24 02:19:09,370 - __main__ - INFO - [118, 1000] acc: 0.9767500758171082
2020-12-24 02:19:48,993 - __main__ - INFO - [119, 1000] loss: 0.05969632706081529
2020-12-24 02:19:49,011 - __main__ - INFO - 设备号为: tensor([47, 36, 42,  6], device='cuda:0')，预测的设备号为:tensor([47, 36, 42,  6], device='cuda:0')
2020-12-24 02:19:49,013 - __main__ - INFO - [119, 1000] acc: 0.9805000424385071
2020-12-24 02:20:28,846 - __main__ - INFO - [120, 1000] loss: 0.046592541969089095
2020-12-24 02:20:28,865 - __main__ - INFO - 设备号为: tensor([40, 45, 51, 27], device='cuda:0')，预测的设备号为:tensor([40, 45, 51, 27], device='cuda:0')
2020-12-24 02:20:28,866 - __main__ - INFO - [120, 1000] acc: 0.9875000715255737
2020-12-24 02:21:08,730 - __main__ - INFO - [121, 1000] loss: 0.07158997144364003
2020-12-24 02:21:08,750 - __main__ - INFO - 设备号为: tensor([25,  1, 27, 35], device='cuda:0')，预测的设备号为:tensor([25,  1, 27, 35], device='cuda:0')
2020-12-24 02:21:08,751 - __main__ - INFO - [121, 1000] acc: 0.9782500267028809
2020-12-24 02:21:48,700 - __main__ - INFO - [122, 1000] loss: 0.06878656546166757
2020-12-24 02:21:48,719 - __main__ - INFO - 设备号为: tensor([ 8, 13, 15, 22], device='cuda:0')，预测的设备号为:tensor([ 8, 13, 15, 22], device='cuda:0')
2020-12-24 02:21:48,720 - __main__ - INFO - [122, 1000] acc: 0.9760000705718994
2020-12-24 02:22:28,556 - __main__ - INFO - [123, 1000] loss: 0.060940789077209956
2020-12-24 02:22:28,575 - __main__ - INFO - 设备号为: tensor([36, 41, 18, 29], device='cuda:0')，预测的设备号为:tensor([36, 41, 18, 29], device='cuda:0')
2020-12-24 02:22:28,576 - __main__ - INFO - [123, 1000] acc: 0.9790000319480896
2020-12-24 02:23:08,461 - __main__ - INFO - [124, 1000] loss: 0.05781309775427053
2020-12-24 02:23:08,479 - __main__ - INFO - 设备号为: tensor([41, 26, 19, 30], device='cuda:0')，预测的设备号为:tensor([41, 26, 19, 30], device='cuda:0')
2020-12-24 02:23:08,480 - __main__ - INFO - [124, 1000] acc: 0.9802500605583191
2020-12-24 02:23:48,467 - __main__ - INFO - [125, 1000] loss: 0.05302159844678886
2020-12-24 02:23:48,486 - __main__ - INFO - 设备号为: tensor([24, 51, 39,  7], device='cuda:0')，预测的设备号为:tensor([24, 51, 39,  7], device='cuda:0')
2020-12-24 02:23:48,488 - __main__ - INFO - [125, 1000] acc: 0.9825000762939453
2020-12-24 02:24:28,398 - __main__ - INFO - [126, 1000] loss: 0.06480553304343653
2020-12-24 02:24:28,417 - __main__ - INFO - 设备号为: tensor([30, 15, 10,  0], device='cuda:0')，预测的设备号为:tensor([30, 15, 10,  0], device='cuda:0')
2020-12-24 02:24:28,419 - __main__ - INFO - [126, 1000] acc: 0.9800000190734863
2020-12-24 02:25:08,249 - __main__ - INFO - [127, 1000] loss: 0.06282345015354099
2020-12-24 02:25:08,268 - __main__ - INFO - 设备号为: tensor([19,  3, 12, 28], device='cuda:0')，预测的设备号为:tensor([19,  3, 12, 28], device='cuda:0')
2020-12-24 02:25:08,269 - __main__ - INFO - [127, 1000] acc: 0.9802500605583191
2020-12-24 02:25:48,048 - __main__ - INFO - [128, 1000] loss: 0.05425478300536111
2020-12-24 02:25:48,067 - __main__ - INFO - 设备号为: tensor([11, 13, 27, 33], device='cuda:0')，预测的设备号为:tensor([11, 13, 27, 33], device='cuda:0')
2020-12-24 02:25:48,068 - __main__ - INFO - [128, 1000] acc: 0.9827500581741333
2020-12-24 02:26:28,005 - __main__ - INFO - [129, 1000] loss: 0.05403105600469877
2020-12-24 02:26:28,024 - __main__ - INFO - 设备号为: tensor([ 8, 26, 19, 28], device='cuda:0')，预测的设备号为:tensor([ 8, 26, 19, 28], device='cuda:0')
2020-12-24 02:26:28,025 - __main__ - INFO - [129, 1000] acc: 0.9817500710487366
2020-12-24 02:27:07,659 - __main__ - INFO - [130, 1000] loss: 0.04176485389343168
2020-12-24 02:27:07,679 - __main__ - INFO - 设备号为: tensor([31, 18, 37,  2], device='cuda:0')，预测的设备号为:tensor([31, 18, 37,  2], device='cuda:0')
2020-12-24 02:27:07,680 - __main__ - INFO - [130, 1000] acc: 0.9890000224113464
2020-12-24 02:27:47,570 - __main__ - INFO - [131, 1000] loss: 0.0460892295687695
2020-12-24 02:27:47,589 - __main__ - INFO - 设备号为: tensor([ 1, 21, 10, 50], device='cuda:0')，预测的设备号为:tensor([ 1, 21, 10, 50], device='cuda:0')
2020-12-24 02:27:47,590 - __main__ - INFO - [131, 1000] acc: 0.9845000505447388
2020-12-24 02:28:27,424 - __main__ - INFO - [132, 1000] loss: 0.03658253323944183
2020-12-24 02:28:27,443 - __main__ - INFO - 设备号为: tensor([46, 10, 43, 50], device='cuda:0')，预测的设备号为:tensor([46, 10, 43, 50], device='cuda:0')
2020-12-24 02:28:27,444 - __main__ - INFO - [132, 1000] acc: 0.9892500638961792
2020-12-24 02:29:07,309 - __main__ - INFO - [133, 1000] loss: 0.055425534304087025
2020-12-24 02:29:07,328 - __main__ - INFO - 设备号为: tensor([16, 26, 48, 25], device='cuda:0')，预测的设备号为:tensor([16, 26, 48, 25], device='cuda:0')
2020-12-24 02:29:07,329 - __main__ - INFO - [133, 1000] acc: 0.9825000762939453
2020-12-24 02:29:47,237 - __main__ - INFO - [134, 1000] loss: 0.06038973873841329
2020-12-24 02:29:47,256 - __main__ - INFO - 设备号为: tensor([34,  9,  7, 45], device='cuda:0')，预测的设备号为:tensor([34,  9,  7, 45], device='cuda:0')
2020-12-24 02:29:47,257 - __main__ - INFO - [134, 1000] acc: 0.9780000448226929
2020-12-24 02:30:27,157 - __main__ - INFO - [135, 1000] loss: 0.04759603937529164
2020-12-24 02:30:27,176 - __main__ - INFO - 设备号为: tensor([ 9, 17, 53, 52], device='cuda:0')，预测的设备号为:tensor([ 9, 17, 53, 52], device='cuda:0')
2020-12-24 02:30:27,177 - __main__ - INFO - [135, 1000] acc: 0.9857500195503235
2020-12-24 02:31:07,024 - __main__ - INFO - [136, 1000] loss: 0.030517353456511045
2020-12-24 02:31:07,043 - __main__ - INFO - 设备号为: tensor([20, 45, 21, 34], device='cuda:0')，预测的设备号为:tensor([20, 45, 21, 34], device='cuda:0')
2020-12-24 02:31:07,044 - __main__ - INFO - [136, 1000] acc: 0.9917500615119934
2020-12-24 02:31:46,709 - __main__ - INFO - [137, 1000] loss: 0.025256664274919516
2020-12-24 02:31:46,729 - __main__ - INFO - 设备号为: tensor([ 0,  9, 19, 27], device='cuda:0')，预测的设备号为:tensor([ 0,  9, 19, 27], device='cuda:0')
2020-12-24 02:31:46,730 - __main__ - INFO - [137, 1000] acc: 0.9940000176429749
2020-12-24 02:32:26,582 - __main__ - INFO - [138, 1000] loss: 0.04097344625891606
2020-12-24 02:32:26,601 - __main__ - INFO - 设备号为: tensor([ 9, 12, 19, 38], device='cuda:0')，预测的设备号为:tensor([ 9, 12, 19, 38], device='cuda:0')
2020-12-24 02:32:26,602 - __main__ - INFO - [138, 1000] acc: 0.987000048160553
2020-12-24 02:33:06,482 - __main__ - INFO - [139, 1000] loss: 0.033210890239492925
2020-12-24 02:33:06,501 - __main__ - INFO - 设备号为: tensor([ 6, 37, 38, 24], device='cuda:0')，预测的设备号为:tensor([ 6, 37, 38, 24], device='cuda:0')
2020-12-24 02:33:06,502 - __main__ - INFO - [139, 1000] acc: 0.9917500615119934
2020-12-24 02:33:46,418 - __main__ - INFO - [140, 1000] loss: 0.031636575149630974
2020-12-24 02:33:46,437 - __main__ - INFO - 设备号为: tensor([32,  6,  5, 44], device='cuda:0')，预测的设备号为:tensor([32,  6,  5, 44], device='cuda:0')
2020-12-24 02:33:46,439 - __main__ - INFO - [140, 1000] acc: 0.9917500615119934
2020-12-24 02:34:26,353 - __main__ - INFO - [141, 1000] loss: 0.03483147131183102
2020-12-24 02:34:26,372 - __main__ - INFO - 设备号为: tensor([20,  7, 23,  9], device='cuda:0')，预测的设备号为:tensor([20,  7, 23,  9], device='cuda:0')
2020-12-24 02:34:26,373 - __main__ - INFO - [141, 1000] acc: 0.9907500743865967
2020-12-24 02:35:06,253 - __main__ - INFO - [142, 1000] loss: 0.04739479052021221
2020-12-24 02:35:06,272 - __main__ - INFO - 设备号为: tensor([48, 13, 25, 38], device='cuda:0')，预测的设备号为:tensor([48, 13, 25, 38], device='cuda:0')
2020-12-24 02:35:06,273 - __main__ - INFO - [142, 1000] acc: 0.9857500195503235
2020-12-24 02:35:46,104 - __main__ - INFO - [143, 1000] loss: 0.03069720680615096
2020-12-24 02:35:46,123 - __main__ - INFO - 设备号为: tensor([47, 52, 17, 11], device='cuda:0')，预测的设备号为:tensor([47, 52, 17, 11], device='cuda:0')
2020-12-24 02:35:46,124 - __main__ - INFO - [143, 1000] acc: 0.9897500276565552
2020-12-24 02:36:25,519 - __main__ - INFO - [144, 1000] loss: 0.025844503397397377
2020-12-24 02:36:25,539 - __main__ - INFO - 设备号为: tensor([49, 22, 11, 18], device='cuda:0')，预测的设备号为:tensor([49, 22, 11, 18], device='cuda:0')
2020-12-24 02:36:25,540 - __main__ - INFO - [144, 1000] acc: 0.9945000410079956
2020-12-24 02:37:05,127 - __main__ - INFO - [145, 1000] loss: 0.03436943786946176
2020-12-24 02:37:05,146 - __main__ - INFO - 设备号为: tensor([32, 30, 26, 18], device='cuda:0')，预测的设备号为:tensor([32, 30, 26, 18], device='cuda:0')
2020-12-24 02:37:05,148 - __main__ - INFO - [145, 1000] acc: 0.9887500405311584
2020-12-24 02:37:45,031 - __main__ - INFO - [146, 1000] loss: 0.029191630588996757
2020-12-24 02:37:45,050 - __main__ - INFO - 设备号为: tensor([27, 31, 44, 49], device='cuda:0')，预测的设备号为:tensor([27, 31, 44, 49], device='cuda:0')
2020-12-24 02:37:45,052 - __main__ - INFO - [146, 1000] acc: 0.9920000433921814
2020-12-24 02:38:24,729 - __main__ - INFO - [147, 1000] loss: 0.04024670368738282
2020-12-24 02:38:24,749 - __main__ - INFO - 设备号为: tensor([ 0, 18, 24, 42], device='cuda:0')，预测的设备号为:tensor([ 0, 18, 24, 42], device='cuda:0')
2020-12-24 02:38:24,750 - __main__ - INFO - [147, 1000] acc: 0.9857500195503235
