2021-01-10 03:13:15,202 - __main__ - INFO - [1, 100] loss: 3.9870715165138244
2021-01-10 03:13:15,206 - __main__ - INFO - 设备号为: tensor([ 1, 27, 51, 25], device='cuda:0')，预测的设备号为:tensor([ 6, 27, 25, 19], device='cuda:0')
2021-01-10 03:13:15,207 - __main__ - INFO - [1, 100] acc: 0.019999999552965164
2021-01-10 03:13:17,468 - __main__ - INFO - [2, 100] loss: 3.9793658208847047
2021-01-10 03:13:17,473 - __main__ - INFO - 设备号为: tensor([47, 22,  8, 47], device='cuda:0')，预测的设备号为:tensor([27,  6, 46, 21], device='cuda:0')
2021-01-10 03:13:17,474 - __main__ - INFO - [2, 100] acc: 0.022499999031424522
2021-01-10 03:13:19,723 - __main__ - INFO - [3, 100] loss: 3.974236259460449
2021-01-10 03:13:19,727 - __main__ - INFO - 设备号为: tensor([46, 36, 35, 42], device='cuda:0')，预测的设备号为:tensor([21, 21, 38, 27], device='cuda:0')
2021-01-10 03:13:19,728 - __main__ - INFO - [3, 100] acc: 0.042500000447034836
2021-01-10 03:13:21,958 - __main__ - INFO - [4, 100] loss: 3.961182610988617
2021-01-10 03:13:21,962 - __main__ - INFO - 设备号为: tensor([10, 30, 34, 15], device='cuda:0')，预测的设备号为:tensor([27, 25, 25, 21], device='cuda:0')
2021-01-10 03:13:21,963 - __main__ - INFO - [4, 100] acc: 0.054999999701976776
2021-01-10 03:13:24,199 - __main__ - INFO - [5, 100] loss: 3.9473891258239746
2021-01-10 03:13:24,203 - __main__ - INFO - 设备号为: tensor([47, 46,  1,  9], device='cuda:0')，预测的设备号为:tensor([ 6, 25,  1,  9], device='cuda:0')
2021-01-10 03:13:24,204 - __main__ - INFO - [5, 100] acc: 0.08500000089406967
2021-01-10 03:13:26,436 - __main__ - INFO - [6, 100] loss: 3.931634066104889
2021-01-10 03:13:26,441 - __main__ - INFO - 设备号为: tensor([26, 44, 33, 48], device='cuda:0')，预测的设备号为:tensor([26, 25, 25, 27], device='cuda:0')
2021-01-10 03:13:26,442 - __main__ - INFO - [6, 100] acc: 0.07999999821186066
2021-01-10 03:13:28,698 - __main__ - INFO - [7, 100] loss: 3.903227562904358
2021-01-10 03:13:28,703 - __main__ - INFO - 设备号为: tensor([53, 14, 42, 10], device='cuda:0')，预测的设备号为:tensor([ 6,  6, 27,  9], device='cuda:0')
2021-01-10 03:13:28,704 - __main__ - INFO - [7, 100] acc: 0.11249999701976776
2021-01-10 03:13:30,971 - __main__ - INFO - [8, 100] loss: 3.9001208782196044
2021-01-10 03:13:30,974 - __main__ - INFO - 设备号为: tensor([49, 12, 20, 41], device='cuda:0')，预测的设备号为:tensor([25,  6, 25, 21], device='cuda:0')
2021-01-10 03:13:30,975 - __main__ - INFO - [8, 100] acc: 0.08249999582767487
2021-01-10 03:13:33,281 - __main__ - INFO - [9, 100] loss: 3.8403656220436098
2021-01-10 03:13:33,285 - __main__ - INFO - 设备号为: tensor([31, 25, 37, 16], device='cuda:0')，预测的设备号为:tensor([3, 6, 4, 6], device='cuda:0')
2021-01-10 03:13:33,287 - __main__ - INFO - [9, 100] acc: 0.0949999988079071
2021-01-10 03:13:35,461 - __main__ - INFO - [10, 100] loss: 3.7747622203826903
2021-01-10 03:13:35,466 - __main__ - INFO - 设备号为: tensor([25, 50, 44,  0], device='cuda:0')，预测的设备号为:tensor([6, 6, 6, 6], device='cuda:0')
2021-01-10 03:13:35,467 - __main__ - INFO - [10, 100] acc: 0.08249999582767487
2021-01-10 03:13:37,635 - __main__ - INFO - [11, 100] loss: 3.759617278575897
2021-01-10 03:13:37,639 - __main__ - INFO - 设备号为: tensor([31, 53, 12, 24], device='cuda:0')，预测的设备号为:tensor([6, 3, 6, 6], device='cuda:0')
2021-01-10 03:13:37,640 - __main__ - INFO - [11, 100] acc: 0.08249999582767487
2021-01-10 03:13:39,812 - __main__ - INFO - [12, 100] loss: 3.6910194325447083
2021-01-10 03:13:39,817 - __main__ - INFO - 设备号为: tensor([22, 43,  0, 45], device='cuda:0')，预测的设备号为:tensor([ 6,  3, 26,  6], device='cuda:0')
2021-01-10 03:13:39,818 - __main__ - INFO - [12, 100] acc: 0.07499999552965164
2021-01-10 03:13:42,044 - __main__ - INFO - [13, 100] loss: 3.602665293216705
2021-01-10 03:13:42,048 - __main__ - INFO - 设备号为: tensor([ 9, 13, 47, 25], device='cuda:0')，预测的设备号为:tensor([ 9,  3, 25,  4], device='cuda:0')
2021-01-10 03:13:42,049 - __main__ - INFO - [13, 100] acc: 0.10999999940395355
2021-01-10 03:13:44,317 - __main__ - INFO - [14, 100] loss: 3.533807752132416
2021-01-10 03:13:44,321 - __main__ - INFO - 设备号为: tensor([29, 26,  2, 48], device='cuda:0')，预测的设备号为:tensor([4, 4, 3, 6], device='cuda:0')
2021-01-10 03:13:44,322 - __main__ - INFO - [14, 100] acc: 0.12999999523162842
2021-01-10 03:13:46,611 - __main__ - INFO - [15, 100] loss: 3.512274363040924
2021-01-10 03:13:46,615 - __main__ - INFO - 设备号为: tensor([33, 41, 27,  8], device='cuda:0')，预测的设备号为:tensor([ 3, 25,  0, 25], device='cuda:0')
2021-01-10 03:13:46,617 - __main__ - INFO - [15, 100] acc: 0.1274999976158142
2021-01-10 03:13:48,963 - __main__ - INFO - [16, 100] loss: 3.41139652967453
2021-01-10 03:13:48,967 - __main__ - INFO - 设备号为: tensor([28, 25, 43, 23], device='cuda:0')，预测的设备号为:tensor([28,  9,  6,  6], device='cuda:0')
2021-01-10 03:13:48,968 - __main__ - INFO - [16, 100] acc: 0.14499999582767487
2021-01-10 03:13:51,306 - __main__ - INFO - [17, 100] loss: 3.386384274959564
2021-01-10 03:13:51,310 - __main__ - INFO - 设备号为: tensor([32, 46, 41, 52], device='cuda:0')，预测的设备号为:tensor([ 6, 25,  6, 21], device='cuda:0')
2021-01-10 03:13:51,311 - __main__ - INFO - [17, 100] acc: 0.16499999165534973
2021-01-10 03:13:53,610 - __main__ - INFO - [18, 100] loss: 3.3148283910751344
2021-01-10 03:13:53,614 - __main__ - INFO - 设备号为: tensor([11, 27, 15, 10], device='cuda:0')，预测的设备号为:tensor([11,  0,  4, 10], device='cuda:0')
2021-01-10 03:13:53,615 - __main__ - INFO - [18, 100] acc: 0.1850000023841858
2021-01-10 03:13:55,907 - __main__ - INFO - [19, 100] loss: 3.2250929033756255
2021-01-10 03:13:55,911 - __main__ - INFO - 设备号为: tensor([15, 25, 51, 36], device='cuda:0')，预测的设备号为:tensor([ 4,  4, 25,  3], device='cuda:0')
2021-01-10 03:13:55,912 - __main__ - INFO - [19, 100] acc: 0.2224999964237213
2021-01-10 03:13:58,229 - __main__ - INFO - [20, 100] loss: 3.189683668613434
2021-01-10 03:13:58,234 - __main__ - INFO - 设备号为: tensor([ 2,  8, 26, 18], device='cuda:0')，预测的设备号为:tensor([ 1, 25, 26, 11], device='cuda:0')
2021-01-10 03:13:58,235 - __main__ - INFO - [20, 100] acc: 0.19999998807907104
2021-01-10 03:14:00,550 - __main__ - INFO - [21, 100] loss: 3.1662279200553893
2021-01-10 03:14:00,554 - __main__ - INFO - 设备号为: tensor([23, 43, 23, 46], device='cuda:0')，预测的设备号为:tensor([25, 25, 25, 31], device='cuda:0')
2021-01-10 03:14:00,555 - __main__ - INFO - [21, 100] acc: 0.23499999940395355
2021-01-10 03:14:02,878 - __main__ - INFO - [22, 100] loss: 3.060891845226288
2021-01-10 03:14:02,882 - __main__ - INFO - 设备号为: tensor([21, 51,  2, 18], device='cuda:0')，预测的设备号为:tensor([25,  6, 10, 25], device='cuda:0')
2021-01-10 03:14:02,883 - __main__ - INFO - [22, 100] acc: 0.2474999874830246
2021-01-10 03:14:05,178 - __main__ - INFO - [23, 100] loss: 2.9418684995174407
2021-01-10 03:14:05,182 - __main__ - INFO - 设备号为: tensor([14, 53, 23,  0], device='cuda:0')，预测的设备号为:tensor([25,  6, 46, 26], device='cuda:0')
2021-01-10 03:14:05,184 - __main__ - INFO - [23, 100] acc: 0.2849999964237213
2021-01-10 03:14:07,478 - __main__ - INFO - [24, 100] loss: 2.916967148780823
2021-01-10 03:14:07,482 - __main__ - INFO - 设备号为: tensor([15, 20,  0, 39], device='cuda:0')，预测的设备号为:tensor([2, 3, 0, 4], device='cuda:0')
2021-01-10 03:14:07,484 - __main__ - INFO - [24, 100] acc: 0.29749998450279236
