2020-12-23 03:26:46,346 - __main__ - INFO - [1, 1000] loss: 3.989627094268799
2020-12-23 03:26:46,349 - __main__ - INFO - 设备号为: tensor([48,  6, 15, 13], device='cuda:0')，预测的设备号为:tensor([32, 14,  8, 40], device='cuda:0')
2020-12-23 03:26:46,350 - __main__ - INFO - [1, 1000] acc: 0.019500000402331352
2020-12-23 03:26:58,409 - __main__ - INFO - [2, 1000] loss: 3.987707982778549
2020-12-23 03:26:58,413 - __main__ - INFO - 设备号为: tensor([30, 18,  9, 16], device='cuda:0')，预测的设备号为:tensor([ 8, 11,  8, 39], device='cuda:0')
2020-12-23 03:26:58,415 - __main__ - INFO - [2, 1000] acc: 0.024000000208616257
2020-12-23 03:27:10,641 - __main__ - INFO - [3, 1000] loss: 3.984205022573471
2020-12-23 03:27:10,645 - __main__ - INFO - 设备号为: tensor([ 2, 32, 21, 22], device='cuda:0')，预测的设备号为:tensor([36, 26, 40, 16], device='cuda:0')
2020-12-23 03:27:10,647 - __main__ - INFO - [3, 1000] acc: 0.02250000089406967
2020-12-23 03:27:23,067 - __main__ - INFO - [4, 1000] loss: 3.977460599899292
2020-12-23 03:27:23,071 - __main__ - INFO - 设备号为: tensor([52, 30, 24, 28], device='cuda:0')，预测的设备号为:tensor([46, 24, 22,  8], device='cuda:0')
2020-12-23 03:27:23,073 - __main__ - INFO - [4, 1000] acc: 0.027000000700354576
2020-12-23 03:27:35,638 - __main__ - INFO - [5, 1000] loss: 3.9644895923137664
2020-12-23 03:27:35,642 - __main__ - INFO - 设备号为: tensor([ 3, 25,  3, 44], device='cuda:0')，预测的设备号为:tensor([ 8,  8, 11, 44], device='cuda:0')
2020-12-23 03:27:35,644 - __main__ - INFO - [5, 1000] acc: 0.03350000083446503
2020-12-23 03:27:48,166 - __main__ - INFO - [6, 1000] loss: 3.919370104074478
2020-12-23 03:27:48,169 - __main__ - INFO - 设备号为: tensor([ 0, 49, 51, 35], device='cuda:0')，预测的设备号为:tensor([ 5,  3, 20,  3], device='cuda:0')
2020-12-23 03:27:48,171 - __main__ - INFO - [6, 1000] acc: 0.03750000149011612
2020-12-23 03:28:00,742 - __main__ - INFO - [7, 1000] loss: 3.6876480560302736
2020-12-23 03:28:00,746 - __main__ - INFO - 设备号为: tensor([38, 14, 44, 31], device='cuda:0')，预测的设备号为:tensor([ 6, 52, 44, 10], device='cuda:0')
2020-12-23 03:28:00,748 - __main__ - INFO - [7, 1000] acc: 0.04450000077486038
2020-12-23 03:28:13,155 - __main__ - INFO - [8, 1000] loss: 3.3398248925209044
2020-12-23 03:28:13,159 - __main__ - INFO - 设备号为: tensor([27, 11, 49, 17], device='cuda:0')，预测的设备号为:tensor([26, 25, 41,  7], device='cuda:0')
2020-12-23 03:28:13,160 - __main__ - INFO - [8, 1000] acc: 0.0767500028014183
2020-12-23 03:28:25,634 - __main__ - INFO - [9, 1000] loss: 3.183627264022827
2020-12-23 03:28:25,638 - __main__ - INFO - 设备号为: tensor([47,  9, 50, 38], device='cuda:0')，预测的设备号为:tensor([42,  5, 22,  0], device='cuda:0')
2020-12-23 03:28:25,640 - __main__ - INFO - [9, 1000] acc: 0.09175000339746475
2020-12-23 03:28:38,435 - __main__ - INFO - [10, 1000] loss: 3.056251902461052
2020-12-23 03:28:38,439 - __main__ - INFO - 设备号为: tensor([53, 14,  9, 26], device='cuda:0')，预测的设备号为:tensor([53, 20, 10,  6], device='cuda:0')
2020-12-23 03:28:38,440 - __main__ - INFO - [10, 1000] acc: 0.10700000822544098
2020-12-23 03:28:51,288 - __main__ - INFO - [11, 1000] loss: 2.9077097004652024
2020-12-23 03:28:51,292 - __main__ - INFO - 设备号为: tensor([36, 48, 50, 42], device='cuda:0')，预测的设备号为:tensor([ 8, 48, 24, 22], device='cuda:0')
2020-12-23 03:28:51,293 - __main__ - INFO - [11, 1000] acc: 0.13199999928474426
2020-12-23 03:29:04,072 - __main__ - INFO - [12, 1000] loss: 2.806654827952385
2020-12-23 03:29:04,076 - __main__ - INFO - 设备号为: tensor([42,  5,  5,  9], device='cuda:0')，预测的设备号为:tensor([19,  1,  1, 34], device='cuda:0')
2020-12-23 03:29:04,077 - __main__ - INFO - [12, 1000] acc: 0.1417500078678131
2020-12-23 03:29:16,745 - __main__ - INFO - [13, 1000] loss: 2.7335146627426146
2020-12-23 03:29:16,749 - __main__ - INFO - 设备号为: tensor([26, 11, 30, 39], device='cuda:0')，预测的设备号为:tensor([ 6, 34, 23, 11], device='cuda:0')
2020-12-23 03:29:16,750 - __main__ - INFO - [13, 1000] acc: 0.14625000953674316
2020-12-23 03:29:29,229 - __main__ - INFO - [14, 1000] loss: 2.6574464474916457
2020-12-23 03:29:29,234 - __main__ - INFO - 设备号为: tensor([39, 30, 39, 43], device='cuda:0')，预测的设备号为:tensor([29, 21, 11, 29], device='cuda:0')
2020-12-23 03:29:29,236 - __main__ - INFO - [14, 1000] acc: 0.17675000429153442
2020-12-23 03:29:41,783 - __main__ - INFO - [15, 1000] loss: 2.584890097737312
2020-12-23 03:29:41,787 - __main__ - INFO - 设备号为: tensor([ 6, 28, 39,  4], device='cuda:0')，预测的设备号为:tensor([38, 48, 28,  4], device='cuda:0')
2020-12-23 03:29:41,788 - __main__ - INFO - [15, 1000] acc: 0.17550000548362732
2020-12-23 03:29:54,212 - __main__ - INFO - [16, 1000] loss: 2.526686676979065
2020-12-23 03:29:54,216 - __main__ - INFO - 设备号为: tensor([11,  0, 32, 18], device='cuda:0')，预测的设备号为:tensor([31,  5, 33, 21], device='cuda:0')
2020-12-23 03:29:54,218 - __main__ - INFO - [16, 1000] acc: 0.1915000081062317
